
<!DOCTYPE html>
<html>


<head>
	<meta charset='UTF-8' /> 
	<meta name='description' content='' />
	<meta name='robots' content='noodp, noydir' />
	<meta name='viewport' content='width=device-width, initial-scale=1' />
	<meta id="timeStampFormat" name="timeStampFormat" content='MMM d, yyyy hh:mm:ss a'/>
	
	<link href='https://fonts.googleapis.com/css?family=Source+Sans+Pro:400,600' rel='stylesheet' type='text/css'>
	<link href="https://fonts.googleapis.com/icon?family=Material+Icons" rel="stylesheet">

		<link href='https://cdn.rawgit.com/anshooarora/extentreports-java/b4a58fcfd1e137bd9287244035a7c80d3d73b3af/dist/css/extent.css' type='text/css' rel='stylesheet' />
	
	<title>Carsguide - Cucumber Framework</title>

	<style type='text/css'>
			
            

      
        
	</style>
</head>

	<body class='extent dark default hide-overflow bdd-report'>
		<div id='theme-selector' alt='Click to toggle theme. To enable by default, use theme configuration.' title='Click to toggle theme. To enable by default, use theme configuration.'>
			<span><i class='material-icons'>desktop_windows</i></span>
		</div>

<nav>
	<div class="nav-wrapper">
		<a href="#!" class="brand-logo blue darken-3">Extent</a>

		<!-- slideout menu -->
		<ul id='slide-out' class='side-nav fixed hide-on-med-and-down'>
			<li class='waves-effect active'><a href='#!' view='test-view' onclick="configureView(0);chartsView('test');"><i class='material-icons'>dashboard</i></a></li>
						<li class='waves-effect'><a href='#!' view='category-view' onclick="configureView(1)"><i class='material-icons'>label_outline</i></a></li>
			<li class='waves-effect'><a href='#!' view='exception-view' onclick="configureView(2)"><i class='material-icons'>bug_report</i></a></li>
			<li class='waves-effect'><a href='#!' onclick="configureView(-1);chartsView('dashboard');" view='dashboard-view'><i class='material-icons'>track_changes</i></i></a></li>
		</ul>

		<!-- report name -->
		<span class='report-name'>Cucumber Report</span>
		
		<!-- report headline -->
		<span class='report-headline'></span>

		<!-- nav-right -->
		<ul id='nav-mobile' class='right hide-on-med-and-down nav-right'>
			<li>
                <a href='#!'>
                    <span class='label suite-start-time blue darken-3'>May 27, 2022 10:41:08 PM</span>
				</a>
			</li>
			<li>
                <a href='#!'>
                    <span class='label blue darken-3'>3.1.2</span>
				</a>
			</li>
		</ul>
	</div>
</nav>

		<!-- container -->
		<div class='container'>

<div id='test-view' class='view'>
				
	<section id='controls'>
		<div class='controls grey lighten-4'>
			<!-- test toggle -->
			<div class='chip transparent'>
				<a class='dropdown-button tests-toggle' data-activates='tests-toggle' data-constrainwidth='true' data-beloworigin='true' data-hover='true' href='#'>
					<i class='material-icons'>warning</i> Status
				</a>
				<ul id='tests-toggle' class='dropdown-content'>
											<li status='pass'><a href='#!'>Pass <i class='material-icons green-text'>check_circle</i></a></li>
						<li status='fail'><a href='#!'>Fail <i class='material-icons red-text'>cancel</i></a></li>
						<li status='skip'><a href='#!'>Skip <i class='material-icons cyan-text'>redo</i></a></li>
					<li class='divider'></li>
					<li status='clear' clear='true'><a href='#!'>Clear Filters <i class='material-icons'>clear</i></a></li>
				</ul>
			</div>
			<!-- test toggle -->

			<!-- category toggle -->
			<div class='chip transparent'>
				<a class='dropdown-button category-toggle' data-activates='category-toggle' data-constrainwidth='false' data-beloworigin='true' data-hover='true' href='#'>
					<i class='material-icons'>local_offer</i> Category
				</a>
				<ul id='category-toggle' class='dropdown-content'>
					<li><a href='#'>@Sanity</a></li>
					<li><a href='#'>@Regression</a></li>
					<li><a href='#'>@Smoke</a></li>
					<li class='divider'></li>
					<li class='clear'><a href='#!' clear='true'>Clear Filters</a></li>
				</ul>
			</div>
			<!-- category toggle -->

			<!-- clear filters -->
			<div class='chip transparent hide'>
				<a class='' id='clear-filters' alt='Clear Filters' title='Clear Filters'>
					<i class='material-icons'>close</i> Clear
				</a>
			</div>
			<!-- clear filters -->

			<!-- enable dashboard -->
			<div id='toggle-test-view-charts' class='chip transparent'>
				<a class='pink-text' id='enable-dashboard' alt='Enable Dashboard' title='Enable Dashboard'>
					<i class='material-icons'>track_changes</i> Dashboard
				</a>
			</div>
			<!-- enable dashboard -->

			<!-- search -->
			<div class='chip transparent' alt='Search Tests' title='Search Tests'>
				<a href="#" class='search-div'>
					<i class='material-icons'>search</i> Search
				</a>

				<div class='input-field left hide'>
					<input id='search-tests' type='text' class='validate browser-default' placeholder='Search Tests...'>
				</div>
				
			</div>
			<!-- search -->
		</div>
	</section>


<div id='test-view-charts' class='subview-full'>
	<div id='charts-row' class='row nm-v nm-h'>
		<div class='col s12 m4 l4 np-h'>
			<div class='card-panel nm-v'>
				<div class='left panel-name'>Features</div>
				<div class='chart-box'>
					<canvas id='parent-analysis' width='100' height='80'></canvas>
				</div>
				<div class='block text-small'>
					<span class='tooltipped' data-position='top' data-tooltip='0%'><span class='strong'>0</span> feature(s) passed</span>
				</div>
				<div class='block text-small'>
					<span class='strong tooltipped' data-position='top' data-tooltip='100%'>2</span> feature(s) failed, <span class='strong tooltipped' data-position='top' data-tooltip='0%'>0</span> others
				</div>
			</div>
		</div>
		
		<div class='col s12 m4 l4 np-h'>
			<div class='card-panel nm-v'>
				<div class='left panel-name'>Scenarios</div>
				<div class='chart-box'>
					<canvas id='child-analysis' width='100' height='80'></canvas>
				</div>
				<div class='block text-small'>
					<span class='tooltipped' data-position='top' data-tooltip='38.462%'><span class='strong'>5</span> scenario(s) passed</span>
				</div>
				<div class='block text-small'>
					<span class='strong tooltipped' data-position='top' data-tooltip='53.846%'>7</span> scenario(s) failed, <span class='strong tooltipped' data-position='top' data-tooltip='7.692%'>1</span> others
				</div>
			</div>
		</div>
		
		<div class='col s12 m4 l4 np-h'>
			<div class='card-panel nm-v'>
				<div class='left panel-name'>Steps</div>
				<div class='chart-box'>
					<canvas id='grandchild-analysis' width='100' height='80'></canvas>
				</div>
				<div class='block text-small'>
					<span class='tooltipped' data-position='top' data-tooltip='48.8%'><span class='strong'>61</span> step(s) passed</span>
				</div>
				<div class='block text-small'>
					<span class='strong tooltipped' data-position='top' data-tooltip='5.6%'>7</span> step(s) failed, <span class='strong tooltipped' data-position='top' data-tooltip='45.6%'>57</span> others
				</div>
			</div>
		</div>
	</div>
</div>

	<div class='subview-left left'>
		
		<div class='view-summary'>
			<h5>Features</h5>
			<ul id='test-collection' class='test-collection'>
				
				
				<li class='test displayed active has-leaf fail' status='fail' bdd='true' test-id='1'>
					<div class='test-heading'>
						<span class='test-name'>Search functionality</span>
						<span class='test-time'>May 27, 2022 10:41:08 PM</span>
						<span class='test-status right fail'>fail</span>
					</div>
					<div class='test-content hide'>
<div class='scenariooutline node' test-id='2' status='fail'>
	<span class='duration right label'>0h 0m 52s+888ms</span>
	<div class='desc'>
		<b>ScenarioOutline</b>
		<span class="desc-text">Search the buy car with model</span>
	</div>
	<ul class='steps'>
		<li test-id='3' class='node scenario fail' status='fail'>
			<div class='category-list'>
				<span class='category label white-text'>@Sanity</span>
				<span class='category label white-text'>@Regression</span>
			</div>
			
			<b>Scenario</b>
			
			<span class="bdd-step-name">Search the buy car with model</span>
			
				<ul class='steps'>
					<li test-id='4' class='node given pass' status='pass'><b>Given</b>
						<span class="bdd-step-name">Given I am on homepage</span>
							<div class='pre'>passed</div>
					</li>
					<li test-id='5' class='node when fail' status='fail'><b>When</b>
						<span class="bdd-step-name">When I mouse hover on 'buy+sell' tab</span>
							<div class='pre'><pre>org.openqa.selenium.WebDriverException: unknown error: session deleted because of page crash
from unknown error: cannot determine loading status
from tab crashed
  (Session info: chrome=102.0.5005.61)
Build info: version: '4.0.0', revision: '3a21814679'
System info: host: 'LAPTOP-GDT3JREG', ip: '192.168.0.8', os.name: 'Windows 10', os.arch: 'amd64', os.version: '10.0', java.version: '1.8.0_121'
Driver info: org.openqa.selenium.chrome.ChromeDriver
Command: [6c3d644daf715540869bac771cba9436, findElement {using=xpath, value=//a[contains(text(),'buy + sell')]}]
Capabilities {acceptInsecureCerts: false, browserName: chrome, browserVersion: 102.0.5005.61, chrome: {chromedriverVersion: 102.0.5005.61 (0e59bcc00cc4..., userDataDir: C:\Users\ektam\AppData\Loca...}, goog:chromeOptions: {debuggerAddress: localhost:56075}, javascriptEnabled: true, networkConnectionEnabled: false, pageLoadStrategy: normal, platform: WINDOWS, platformName: WINDOWS, proxy: Proxy(), se:cdp: ws://localhost:56075/devtoo..., se:cdpVersion: 102.0.5005.61, setWindowRect: true, strictFileInteractability: false, timeouts: {implicit: 0, pageLoad: 300000, script: 30000}, unhandledPromptBehavior: dismiss and notify, webauthn:extension:credBlob: true, webauthn:extension:largeBlob: true, webauthn:virtualAuthenticators: true}
Session ID: 6c3d644daf715540869bac771cba9436
	at sun.reflect.NativeConstructorAccessorImpl.newInstance0(Native Method)
	at sun.reflect.NativeConstructorAccessorImpl.newInstance(NativeConstructorAccessorImpl.java:62)
	at sun.reflect.DelegatingConstructorAccessorImpl.newInstance(DelegatingConstructorAccessorImpl.java:45)
	at java.lang.reflect.Constructor.newInstance(Constructor.java:423)
	at org.openqa.selenium.remote.codec.w3c.W3CHttpResponseCodec.createException(W3CHttpResponseCodec.java:200)
	at org.openqa.selenium.remote.codec.w3c.W3CHttpResponseCodec.decode(W3CHttpResponseCodec.java:133)
	at org.openqa.selenium.remote.codec.w3c.W3CHttpResponseCodec.decode(W3CHttpResponseCodec.java:53)
	at org.openqa.selenium.remote.HttpCommandExecutor.execute(HttpCommandExecutor.java:184)
	at org.openqa.selenium.remote.service.DriverCommandExecutor.invokeExecute(DriverCommandExecutor.java:164)
	at org.openqa.selenium.remote.service.DriverCommandExecutor.execute(DriverCommandExecutor.java:139)
	at org.openqa.selenium.remote.RemoteWebDriver.execute(RemoteWebDriver.java:559)
	at org.openqa.selenium.remote.ElementLocation$ElementFinder$2.findElement(ElementLocation.java:162)
	at org.openqa.selenium.remote.ElementLocation.findElement(ElementLocation.java:60)
	at org.openqa.selenium.remote.RemoteWebDriver.findElement(RemoteWebDriver.java:383)
	at org.openqa.selenium.remote.RemoteWebDriver.findElement(RemoteWebDriver.java:375)
	at org.openqa.selenium.support.pagefactory.DefaultElementLocator.findElement(DefaultElementLocator.java:70)
	at org.openqa.selenium.support.pagefactory.internal.LocatingElementHandler.invoke(LocatingElementHandler.java:39)
	at com.sun.proxy.$Proxy23.getText(Unknown Source)
	at au.com.carsguide.pages.HomePage.mouseHoverOnBuySell(HomePage.java:38)
	at au.com.carsguide.steps.SearchSteps.iMouseHoverOnBuySellTab(SearchSteps.java:52)
	at ✽.When I mouse hover on 'buy+sell' tab(buy.feature:7)
</pre></div>
					</li>
					<li test-id='6' class='node and skip' status='skip'><b>And</b>
						<span class="bdd-step-name">And I click 'Search Cars' link</span>
							<div class='pre'>skipped</div>
					</li>
					<li test-id='7' class='node then skip' status='skip'><b>Then</b>
						<span class="bdd-step-name">Then I navigate to 'new and used car search' page</span>
							<div class='pre'>skipped</div>
					</li>
					<li test-id='8' class='node and skip' status='skip'><b>And</b>
						<span class="bdd-step-name">And I select make "Tesla"</span>
							<div class='pre'>skipped</div>
					</li>
					<li test-id='9' class='node and skip' status='skip'><b>And</b>
						<span class="bdd-step-name">And I select model "Model 3"</span>
							<div class='pre'>skipped</div>
					</li>
					<li test-id='10' class='node and skip' status='skip'><b>And</b>
						<span class="bdd-step-name">And I select location "NSW - All"</span>
							<div class='pre'>skipped</div>
					</li>
					<li test-id='11' class='node and skip' status='skip'><b>And</b>
						<span class="bdd-step-name">And I select price "$90,000"</span>
							<div class='pre'>skipped</div>
					</li>
					<li test-id='12' class='node and skip' status='skip'><b>And</b>
						<span class="bdd-step-name">And I click on Find My Next Car tab</span>
							<div class='pre'>skipped</div>
					</li>
					<li test-id='13' class='node then skip' status='skip'><b>Then</b>
						<span class="bdd-step-name">Then I should see the make "Tesla" in results</span>
							<div class='pre'>skipped</div>
					</li>
				</ul>
		</li>
		<li test-id='14' class='node scenario fail' status='fail'>
			<div class='category-list'>
				<span class='category label white-text'>@Sanity</span>
				<span class='category label white-text'>@Regression</span>
			</div>
			
			<b>Scenario</b>
			
			<span class="bdd-step-name">Search the buy car with model</span>
			
				<ul class='steps'>
					<li test-id='15' class='node given pass' status='pass'><b>Given</b>
						<span class="bdd-step-name">Given I am on homepage</span>
							<div class='pre'>passed</div>
					</li>
					<li test-id='16' class='node when fail' status='fail'><b>When</b>
						<span class="bdd-step-name">When I mouse hover on 'buy+sell' tab</span>
							<div class='pre'><pre>org.openqa.selenium.WebDriverException: unknown error: session deleted because of page crash
from unknown error: cannot determine loading status
from tab crashed
  (Session info: chrome=102.0.5005.61)
Build info: version: '4.0.0', revision: '3a21814679'
System info: host: 'LAPTOP-GDT3JREG', ip: '192.168.0.8', os.name: 'Windows 10', os.arch: 'amd64', os.version: '10.0', java.version: '1.8.0_121'
Driver info: org.openqa.selenium.chrome.ChromeDriver
Command: [c32d8e4edb98f04e2fb4ee258cb1566d, findElement {using=xpath, value=//a[contains(text(),'buy + sell')]}]
Capabilities {acceptInsecureCerts: false, browserName: chrome, browserVersion: 102.0.5005.61, chrome: {chromedriverVersion: 102.0.5005.61 (0e59bcc00cc4..., userDataDir: C:\Users\ektam\AppData\Loca...}, goog:chromeOptions: {debuggerAddress: localhost:56132}, javascriptEnabled: true, networkConnectionEnabled: false, pageLoadStrategy: normal, platform: WINDOWS, platformName: WINDOWS, proxy: Proxy(), se:cdp: ws://localhost:56132/devtoo..., se:cdpVersion: 102.0.5005.61, setWindowRect: true, strictFileInteractability: false, timeouts: {implicit: 0, pageLoad: 300000, script: 30000}, unhandledPromptBehavior: dismiss and notify, webauthn:extension:credBlob: true, webauthn:extension:largeBlob: true, webauthn:virtualAuthenticators: true}
Session ID: c32d8e4edb98f04e2fb4ee258cb1566d
	at sun.reflect.NativeConstructorAccessorImpl.newInstance0(Native Method)
	at sun.reflect.NativeConstructorAccessorImpl.newInstance(NativeConstructorAccessorImpl.java:62)
	at sun.reflect.DelegatingConstructorAccessorImpl.newInstance(DelegatingConstructorAccessorImpl.java:45)
	at java.lang.reflect.Constructor.newInstance(Constructor.java:423)
	at org.openqa.selenium.remote.codec.w3c.W3CHttpResponseCodec.createException(W3CHttpResponseCodec.java:200)
	at org.openqa.selenium.remote.codec.w3c.W3CHttpResponseCodec.decode(W3CHttpResponseCodec.java:133)
	at org.openqa.selenium.remote.codec.w3c.W3CHttpResponseCodec.decode(W3CHttpResponseCodec.java:53)
	at org.openqa.selenium.remote.HttpCommandExecutor.execute(HttpCommandExecutor.java:184)
	at org.openqa.selenium.remote.service.DriverCommandExecutor.invokeExecute(DriverCommandExecutor.java:164)
	at org.openqa.selenium.remote.service.DriverCommandExecutor.execute(DriverCommandExecutor.java:139)
	at org.openqa.selenium.remote.RemoteWebDriver.execute(RemoteWebDriver.java:559)
	at org.openqa.selenium.remote.ElementLocation$ElementFinder$2.findElement(ElementLocation.java:162)
	at org.openqa.selenium.remote.ElementLocation.findElement(ElementLocation.java:60)
	at org.openqa.selenium.remote.RemoteWebDriver.findElement(RemoteWebDriver.java:383)
	at org.openqa.selenium.remote.RemoteWebDriver.findElement(RemoteWebDriver.java:375)
	at org.openqa.selenium.support.pagefactory.DefaultElementLocator.findElement(DefaultElementLocator.java:70)
	at org.openqa.selenium.support.pagefactory.internal.LocatingElementHandler.invoke(LocatingElementHandler.java:39)
	at com.sun.proxy.$Proxy23.getText(Unknown Source)
	at au.com.carsguide.pages.HomePage.mouseHoverOnBuySell(HomePage.java:38)
	at au.com.carsguide.steps.SearchSteps.iMouseHoverOnBuySellTab(SearchSteps.java:52)
	at ✽.When I mouse hover on 'buy+sell' tab(buy.feature:7)
</pre></div>
					</li>
					<li test-id='17' class='node and skip' status='skip'><b>And</b>
						<span class="bdd-step-name">And I click 'Search Cars' link</span>
							<div class='pre'>skipped</div>
					</li>
					<li test-id='18' class='node then skip' status='skip'><b>Then</b>
						<span class="bdd-step-name">Then I navigate to 'new and used car search' page</span>
							<div class='pre'>skipped</div>
					</li>
					<li test-id='19' class='node and skip' status='skip'><b>And</b>
						<span class="bdd-step-name">And I select make "Audi"</span>
							<div class='pre'>skipped</div>
					</li>
					<li test-id='20' class='node and skip' status='skip'><b>And</b>
						<span class="bdd-step-name">And I select model "A1"</span>
							<div class='pre'>skipped</div>
					</li>
					<li test-id='21' class='node and skip' status='skip'><b>And</b>
						<span class="bdd-step-name">And I select location "ACT - All"</span>
							<div class='pre'>skipped</div>
					</li>
					<li test-id='22' class='node and skip' status='skip'><b>And</b>
						<span class="bdd-step-name">And I select price "$80,000"</span>
							<div class='pre'>skipped</div>
					</li>
					<li test-id='23' class='node and skip' status='skip'><b>And</b>
						<span class="bdd-step-name">And I click on Find My Next Car tab</span>
							<div class='pre'>skipped</div>
					</li>
					<li test-id='24' class='node then skip' status='skip'><b>Then</b>
						<span class="bdd-step-name">Then I should see the make "Audi" in results</span>
							<div class='pre'>skipped</div>
					</li>
				</ul>
		</li>
		<li test-id='25' class='node scenario fail' status='fail'>
			<div class='category-list'>
				<span class='category label white-text'>@Sanity</span>
				<span class='category label white-text'>@Regression</span>
			</div>
			
			<b>Scenario</b>
			
			<span class="bdd-step-name">Search the buy car with model</span>
			
				<ul class='steps'>
					<li test-id='26' class='node given pass' status='pass'><b>Given</b>
						<span class="bdd-step-name">Given I am on homepage</span>
							<div class='pre'>passed</div>
					</li>
					<li test-id='27' class='node when pass' status='pass'><b>When</b>
						<span class="bdd-step-name">When I mouse hover on 'buy+sell' tab</span>
							<div class='pre'>passed</div>
					</li>
					<li test-id='28' class='node and pass' status='pass'><b>And</b>
						<span class="bdd-step-name">And I click 'Search Cars' link</span>
							<div class='pre'>passed</div>
					</li>
					<li test-id='29' class='node then fail' status='fail'><b>Then</b>
						<span class="bdd-step-name">Then I navigate to 'new and used car search' page</span>
							<div class='pre'><pre>org.openqa.selenium.WebDriverException: unknown error: session deleted because of page crash
from unknown error: cannot determine loading status
from tab crashed
  (Session info: chrome=102.0.5005.61)
Build info: version: '4.0.0', revision: '3a21814679'
System info: host: 'LAPTOP-GDT3JREG', ip: '192.168.0.8', os.name: 'Windows 10', os.arch: 'amd64', os.version: '10.0', java.version: '1.8.0_121'
Driver info: org.openqa.selenium.chrome.ChromeDriver
Command: [bd1aeabd965e23558462a0786e6a47c7, findElement {using=xpath, value=//h1}]
Capabilities {acceptInsecureCerts: false, browserName: chrome, browserVersion: 102.0.5005.61, chrome: {chromedriverVersion: 102.0.5005.61 (0e59bcc00cc4..., userDataDir: C:\Users\ektam\AppData\Loca...}, goog:chromeOptions: {debuggerAddress: localhost:56195}, javascriptEnabled: true, networkConnectionEnabled: false, pageLoadStrategy: normal, platform: WINDOWS, platformName: WINDOWS, proxy: Proxy(), se:cdp: ws://localhost:56195/devtoo..., se:cdpVersion: 102.0.5005.61, setWindowRect: true, strictFileInteractability: false, timeouts: {implicit: 0, pageLoad: 300000, script: 30000}, unhandledPromptBehavior: dismiss and notify, webauthn:extension:credBlob: true, webauthn:extension:largeBlob: true, webauthn:virtualAuthenticators: true}
Session ID: bd1aeabd965e23558462a0786e6a47c7
	at sun.reflect.NativeConstructorAccessorImpl.newInstance0(Native Method)
	at sun.reflect.NativeConstructorAccessorImpl.newInstance(NativeConstructorAccessorImpl.java:62)
	at sun.reflect.DelegatingConstructorAccessorImpl.newInstance(DelegatingConstructorAccessorImpl.java:45)
	at java.lang.reflect.Constructor.newInstance(Constructor.java:423)
	at org.openqa.selenium.remote.codec.w3c.W3CHttpResponseCodec.createException(W3CHttpResponseCodec.java:200)
	at org.openqa.selenium.remote.codec.w3c.W3CHttpResponseCodec.decode(W3CHttpResponseCodec.java:133)
	at org.openqa.selenium.remote.codec.w3c.W3CHttpResponseCodec.decode(W3CHttpResponseCodec.java:53)
	at org.openqa.selenium.remote.HttpCommandExecutor.execute(HttpCommandExecutor.java:184)
	at org.openqa.selenium.remote.service.DriverCommandExecutor.invokeExecute(DriverCommandExecutor.java:164)
	at org.openqa.selenium.remote.service.DriverCommandExecutor.execute(DriverCommandExecutor.java:139)
	at org.openqa.selenium.remote.RemoteWebDriver.execute(RemoteWebDriver.java:559)
	at org.openqa.selenium.remote.ElementLocation$ElementFinder$2.findElement(ElementLocation.java:162)
	at org.openqa.selenium.remote.ElementLocation.findElement(ElementLocation.java:60)
	at org.openqa.selenium.remote.RemoteWebDriver.findElement(RemoteWebDriver.java:383)
	at org.openqa.selenium.remote.RemoteWebDriver.findElement(RemoteWebDriver.java:375)
	at org.openqa.selenium.support.pagefactory.DefaultElementLocator.findElement(DefaultElementLocator.java:70)
	at org.openqa.selenium.support.pagefactory.internal.LocatingElementHandler.invoke(LocatingElementHandler.java:39)
	at com.sun.proxy.$Proxy23.getText(Unknown Source)
	at au.com.carsguide.utility.Utility.getTextFromElement(Utility.java:65)
	at au.com.carsguide.pages.NewUsedCarSearch.getPageTitleText(NewUsedCarSearch.java:38)
	at au.com.carsguide.steps.SearchSteps.iNavigateToNewAndUsedCarSearchPage(SearchSteps.java:21)
	at ✽.Then I navigate to 'new and used car search' page(buy.feature:9)
</pre></div>
					</li>
					<li test-id='30' class='node and skip' status='skip'><b>And</b>
						<span class="bdd-step-name">And I select make "Land Rover"</span>
							<div class='pre'>skipped</div>
					</li>
					<li test-id='31' class='node and skip' status='skip'><b>And</b>
						<span class="bdd-step-name">And I select model "Discovery Sport"</span>
							<div class='pre'>skipped</div>
					</li>
					<li test-id='32' class='node and skip' status='skip'><b>And</b>
						<span class="bdd-step-name">And I select location "NSW - Central West"</span>
							<div class='pre'>skipped</div>
					</li>
					<li test-id='33' class='node and skip' status='skip'><b>And</b>
						<span class="bdd-step-name">And I select price "$90,000"</span>
							<div class='pre'>skipped</div>
					</li>
					<li test-id='34' class='node and skip' status='skip'><b>And</b>
						<span class="bdd-step-name">And I click on Find My Next Car tab</span>
							<div class='pre'>skipped</div>
					</li>
					<li test-id='35' class='node then skip' status='skip'><b>Then</b>
						<span class="bdd-step-name">Then I should see the make "Land Rover" in results</span>
							<div class='pre'>skipped</div>
					</li>
				</ul>
		</li>
		<li test-id='36' class='node scenario pass' status='pass'>
			<div class='category-list'>
				<span class='category label white-text'>@Sanity</span>
				<span class='category label white-text'>@Regression</span>
			</div>
			
			<b>Scenario</b>
			
			<span class="bdd-step-name">Search the buy car with model</span>
			
				<ul class='steps'>
					<li test-id='37' class='node given pass' status='pass'><b>Given</b>
						<span class="bdd-step-name">Given I am on homepage</span>
							<div class='pre'>passed</div>
					</li>
					<li test-id='38' class='node when pass' status='pass'><b>When</b>
						<span class="bdd-step-name">When I mouse hover on 'buy+sell' tab</span>
							<div class='pre'>passed</div>
					</li>
					<li test-id='39' class='node and pass' status='pass'><b>And</b>
						<span class="bdd-step-name">And I click 'Search Cars' link</span>
							<div class='pre'>passed</div>
					</li>
					<li test-id='40' class='node then pass' status='pass'><b>Then</b>
						<span class="bdd-step-name">Then I navigate to 'new and used car search' page</span>
							<div class='pre'>passed</div>
					</li>
					<li test-id='41' class='node and pass' status='pass'><b>And</b>
						<span class="bdd-step-name">And I select make "Mercedes-Benz"</span>
							<div class='pre'>passed</div>
					</li>
					<li test-id='42' class='node and pass' status='pass'><b>And</b>
						<span class="bdd-step-name">And I select model "A-Class"</span>
							<div class='pre'>passed</div>
					</li>
					<li test-id='43' class='node and pass' status='pass'><b>And</b>
						<span class="bdd-step-name">And I select location "NT - All"</span>
							<div class='pre'>passed</div>
					</li>
					<li test-id='44' class='node and pass' status='pass'><b>And</b>
						<span class="bdd-step-name">And I select price "$70,000"</span>
							<div class='pre'>passed</div>
					</li>
					<li test-id='45' class='node and pass' status='pass'><b>And</b>
						<span class="bdd-step-name">And I click on Find My Next Car tab</span>
							<div class='pre'>passed</div>
					</li>
					<li test-id='46' class='node then pass' status='pass'><b>Then</b>
						<span class="bdd-step-name">Then I should see the make "Mercedes-Benz" in results</span>
							<div class='pre'>passed</div>
					</li>
				</ul>
		</li>
		<li test-id='47' class='node scenario skip' status='skip'>
			<div class='category-list'>
				<span class='category label white-text'>@Sanity</span>
				<span class='category label white-text'>@Regression</span>
			</div>
			
			<b>Scenario</b>
			
			<span class="bdd-step-name">Search the buy car with model</span>
			
				<ul class='steps'>
					<li test-id='48' class='node given skip' status='skip'><b>Given</b>
						<span class="bdd-step-name">Given I am on homepage</span>
							<div class='pre'>skipped</div>
					</li>
					<li test-id='49' class='node when skip' status='skip'><b>When</b>
						<span class="bdd-step-name">When I mouse hover on 'buy+sell' tab</span>
							<div class='pre'>skipped</div>
					</li>
					<li test-id='50' class='node and skip' status='skip'><b>And</b>
						<span class="bdd-step-name">And I click 'Search Cars' link</span>
							<div class='pre'>skipped</div>
					</li>
					<li test-id='51' class='node then skip' status='skip'><b>Then</b>
						<span class="bdd-step-name">Then I navigate to 'new and used car search' page</span>
							<div class='pre'>skipped</div>
					</li>
					<li test-id='52' class='node and skip' status='skip'><b>And</b>
						<span class="bdd-step-name">And I select make "Suzuki"</span>
							<div class='pre'>skipped</div>
					</li>
					<li test-id='53' class='node and skip' status='skip'><b>And</b>
						<span class="bdd-step-name">And I select model "Baleno"</span>
							<div class='pre'>skipped</div>
					</li>
					<li test-id='54' class='node and skip' status='skip'><b>And</b>
						<span class="bdd-step-name">And I select location "NT - All"</span>
							<div class='pre'>skipped</div>
					</li>
					<li test-id='55' class='node and skip' status='skip'><b>And</b>
						<span class="bdd-step-name">And I select price "$50,000"</span>
							<div class='pre'>skipped</div>
					</li>
					<li test-id='56' class='node and skip' status='skip'><b>And</b>
						<span class="bdd-step-name">And I click on Find My Next Car tab</span>
							<div class='pre'>skipped</div>
					</li>
					<li test-id='57' class='node then skip' status='skip'><b>Then</b>
						<span class="bdd-step-name">Then I should see the make "Suzuki" in results</span>
							<div class='pre'>skipped</div>
					</li>
				</ul>
		</li>
		<li test-id='58' class='node scenario pass' status='pass'>
			<div class='category-list'>
				<span class='category label white-text'>@Sanity</span>
				<span class='category label white-text'>@Regression</span>
			</div>
			
			<b>Scenario</b>
			
			<span class="bdd-step-name">Search the buy car with model</span>
			
				<ul class='steps'>
					<li test-id='59' class='node given pass' status='pass'><b>Given</b>
						<span class="bdd-step-name">Given I am on homepage</span>
							<div class='pre'>passed</div>
					</li>
					<li test-id='60' class='node when pass' status='pass'><b>When</b>
						<span class="bdd-step-name">When I mouse hover on 'buy+sell' tab</span>
							<div class='pre'>passed</div>
					</li>
					<li test-id='61' class='node and pass' status='pass'><b>And</b>
						<span class="bdd-step-name">And I click 'Search Cars' link</span>
							<div class='pre'>passed</div>
					</li>
					<li test-id='62' class='node then pass' status='pass'><b>Then</b>
						<span class="bdd-step-name">Then I navigate to 'new and used car search' page</span>
							<div class='pre'>passed</div>
					</li>
					<li test-id='63' class='node and pass' status='pass'><b>And</b>
						<span class="bdd-step-name">And I select make "Tata"</span>
							<div class='pre'>passed</div>
					</li>
					<li test-id='64' class='node and pass' status='pass'><b>And</b>
						<span class="bdd-step-name">And I select model "Xenon"</span>
							<div class='pre'>passed</div>
					</li>
					<li test-id='65' class='node and pass' status='pass'><b>And</b>
						<span class="bdd-step-name">And I select location "Any Location"</span>
							<div class='pre'>passed</div>
					</li>
					<li test-id='66' class='node and pass' status='pass'><b>And</b>
						<span class="bdd-step-name">And I select price "$90,000"</span>
							<div class='pre'>passed</div>
					</li>
					<li test-id='67' class='node and pass' status='pass'><b>And</b>
						<span class="bdd-step-name">And I click on Find My Next Car tab</span>
							<div class='pre'>passed</div>
					</li>
					<li test-id='68' class='node then pass' status='pass'><b>Then</b>
						<span class="bdd-step-name">Then I should see the make "Tata" in results</span>
							<div class='pre'>passed</div>
					</li>
				</ul>
		</li>
	</ul>
</div>
<div class='scenariooutline node' test-id='69' status='fail'>
	<span class='duration right label'>0h 0m 57s+622ms</span>
	<div class='desc'>
		<b>ScenarioOutline</b>
		<span class="desc-text">Search the used car with model</span>
	</div>
	<ul class='steps'>
		<li test-id='70' class='node scenario fail' status='fail'>
			<div class='category-list'>
				<span class='category label white-text'>@Smoke</span>
				<span class='category label white-text'>@Regression</span>
			</div>
			
			<b>Scenario</b>
			
			<span class="bdd-step-name">Search the used car with model</span>
			
				<ul class='steps'>
					<li test-id='71' class='node given pass' status='pass'><b>Given</b>
						<span class="bdd-step-name">Given I am on homepage</span>
							<div class='pre'>passed</div>
					</li>
					<li test-id='72' class='node when pass' status='pass'><b>When</b>
						<span class="bdd-step-name">When I mouse hover on 'buy+sell' tab</span>
							<div class='pre'>passed</div>
					</li>
					<li test-id='73' class='node and pass' status='pass'><b>And</b>
						<span class="bdd-step-name">And I click 'Used' link</span>
							<div class='pre'>passed</div>
					</li>
					<li test-id='74' class='node then fail' status='fail'><b>Then</b>
						<span class="bdd-step-name">Then I navigate to 'Used Cars For Sale' page</span>
							<div class='pre'><pre>org.openqa.selenium.WebDriverException: unknown error: session deleted because of page crash
from unknown error: cannot determine loading status
from tab crashed
  (Session info: chrome=102.0.5005.61)
Build info: version: '4.0.0', revision: '3a21814679'
System info: host: 'LAPTOP-GDT3JREG', ip: '192.168.0.8', os.name: 'Windows 10', os.arch: 'amd64', os.version: '10.0', java.version: '1.8.0_121'
Driver info: org.openqa.selenium.chrome.ChromeDriver
Command: [e82928ba2c8d74e2884b74f494c137d4, findElement {using=xpath, value=//h1}]
Capabilities {acceptInsecureCerts: false, browserName: chrome, browserVersion: 102.0.5005.61, chrome: {chromedriverVersion: 102.0.5005.61 (0e59bcc00cc4..., userDataDir: C:\Users\ektam\AppData\Loca...}, goog:chromeOptions: {debuggerAddress: localhost:56772}, javascriptEnabled: true, networkConnectionEnabled: false, pageLoadStrategy: normal, platform: WINDOWS, platformName: WINDOWS, proxy: Proxy(), se:cdp: ws://localhost:56772/devtoo..., se:cdpVersion: 102.0.5005.61, setWindowRect: true, strictFileInteractability: false, timeouts: {implicit: 0, pageLoad: 300000, script: 30000}, unhandledPromptBehavior: dismiss and notify, webauthn:extension:credBlob: true, webauthn:extension:largeBlob: true, webauthn:virtualAuthenticators: true}
Session ID: e82928ba2c8d74e2884b74f494c137d4
	at sun.reflect.NativeConstructorAccessorImpl.newInstance0(Native Method)
	at sun.reflect.NativeConstructorAccessorImpl.newInstance(NativeConstructorAccessorImpl.java:62)
	at sun.reflect.DelegatingConstructorAccessorImpl.newInstance(DelegatingConstructorAccessorImpl.java:45)
	at java.lang.reflect.Constructor.newInstance(Constructor.java:423)
	at org.openqa.selenium.remote.codec.w3c.W3CHttpResponseCodec.createException(W3CHttpResponseCodec.java:200)
	at org.openqa.selenium.remote.codec.w3c.W3CHttpResponseCodec.decode(W3CHttpResponseCodec.java:133)
	at org.openqa.selenium.remote.codec.w3c.W3CHttpResponseCodec.decode(W3CHttpResponseCodec.java:53)
	at org.openqa.selenium.remote.HttpCommandExecutor.execute(HttpCommandExecutor.java:184)
	at org.openqa.selenium.remote.service.DriverCommandExecutor.invokeExecute(DriverCommandExecutor.java:164)
	at org.openqa.selenium.remote.service.DriverCommandExecutor.execute(DriverCommandExecutor.java:139)
	at org.openqa.selenium.remote.RemoteWebDriver.execute(RemoteWebDriver.java:559)
	at org.openqa.selenium.remote.ElementLocation$ElementFinder$2.findElement(ElementLocation.java:162)
	at org.openqa.selenium.remote.ElementLocation.findElement(ElementLocation.java:60)
	at org.openqa.selenium.remote.RemoteWebDriver.findElement(RemoteWebDriver.java:383)
	at org.openqa.selenium.remote.RemoteWebDriver.findElement(RemoteWebDriver.java:375)
	at org.openqa.selenium.support.pagefactory.DefaultElementLocator.findElement(DefaultElementLocator.java:70)
	at org.openqa.selenium.support.pagefactory.internal.LocatingElementHandler.invoke(LocatingElementHandler.java:39)
	at com.sun.proxy.$Proxy23.getText(Unknown Source)
	at au.com.carsguide.utility.Utility.getTextFromElement(Utility.java:65)
	at au.com.carsguide.pages.NewUsedCarSearch.getPageTitleText(NewUsedCarSearch.java:38)
	at au.com.carsguide.steps.SearchSteps.iNavigateToUsedCarsForSalePage(SearchSteps.java:67)
	at ✽.Then I navigate to 'Used Cars For Sale' page(buy.feature:30)
</pre></div>
					</li>
					<li test-id='75' class='node and skip' status='skip'><b>And</b>
						<span class="bdd-step-name">And I select make "Tesla"</span>
							<div class='pre'>skipped</div>
					</li>
					<li test-id='76' class='node and skip' status='skip'><b>And</b>
						<span class="bdd-step-name">And I select model "Model 3"</span>
							<div class='pre'>skipped</div>
					</li>
					<li test-id='77' class='node and skip' status='skip'><b>And</b>
						<span class="bdd-step-name">And I select location "NSW - All"</span>
							<div class='pre'>skipped</div>
					</li>
					<li test-id='78' class='node and skip' status='skip'><b>And</b>
						<span class="bdd-step-name">And I select price "$90,000"</span>
							<div class='pre'>skipped</div>
					</li>
					<li test-id='79' class='node and skip' status='skip'><b>And</b>
						<span class="bdd-step-name">And I click on Find My Next Car tab</span>
							<div class='pre'>skipped</div>
					</li>
					<li test-id='80' class='node then skip' status='skip'><b>Then</b>
						<span class="bdd-step-name">Then I should see the make "Tesla" in results</span>
							<div class='pre'>skipped</div>
					</li>
				</ul>
		</li>
		<li test-id='81' class='node scenario fail' status='fail'>
			<div class='category-list'>
				<span class='category label white-text'>@Smoke</span>
				<span class='category label white-text'>@Regression</span>
			</div>
			
			<b>Scenario</b>
			
			<span class="bdd-step-name">Search the used car with model</span>
			
				<ul class='steps'>
					<li test-id='82' class='node given pass' status='pass'><b>Given</b>
						<span class="bdd-step-name">Given I am on homepage</span>
							<div class='pre'>passed</div>
					</li>
					<li test-id='83' class='node when fail' status='fail'><b>When</b>
						<span class="bdd-step-name">When I mouse hover on 'buy+sell' tab</span>
							<div class='pre'><pre>org.openqa.selenium.WebDriverException: unknown error: session deleted because of page crash
from unknown error: cannot determine loading status
from tab crashed
  (Session info: chrome=102.0.5005.61)
Build info: version: '4.0.0', revision: '3a21814679'
System info: host: 'LAPTOP-GDT3JREG', ip: '192.168.0.8', os.name: 'Windows 10', os.arch: 'amd64', os.version: '10.0', java.version: '1.8.0_121'
Driver info: org.openqa.selenium.chrome.ChromeDriver
Command: [4783d292377432d45d2a1ac5c2ace5b7, findElement {using=xpath, value=//a[contains(text(),'buy + sell')]}]
Capabilities {acceptInsecureCerts: false, browserName: chrome, browserVersion: 102.0.5005.61, chrome: {chromedriverVersion: 102.0.5005.61 (0e59bcc00cc4..., userDataDir: C:\Users\ektam\AppData\Loca...}, goog:chromeOptions: {debuggerAddress: localhost:56908}, javascriptEnabled: true, networkConnectionEnabled: false, pageLoadStrategy: normal, platform: WINDOWS, platformName: WINDOWS, proxy: Proxy(), se:cdp: ws://localhost:56908/devtoo..., se:cdpVersion: 102.0.5005.61, setWindowRect: true, strictFileInteractability: false, timeouts: {implicit: 0, pageLoad: 300000, script: 30000}, unhandledPromptBehavior: dismiss and notify, webauthn:extension:credBlob: true, webauthn:extension:largeBlob: true, webauthn:virtualAuthenticators: true}
Session ID: 4783d292377432d45d2a1ac5c2ace5b7
	at sun.reflect.NativeConstructorAccessorImpl.newInstance0(Native Method)
	at sun.reflect.NativeConstructorAccessorImpl.newInstance(NativeConstructorAccessorImpl.java:62)
	at sun.reflect.DelegatingConstructorAccessorImpl.newInstance(DelegatingConstructorAccessorImpl.java:45)
	at java.lang.reflect.Constructor.newInstance(Constructor.java:423)
	at org.openqa.selenium.remote.codec.w3c.W3CHttpResponseCodec.createException(W3CHttpResponseCodec.java:200)
	at org.openqa.selenium.remote.codec.w3c.W3CHttpResponseCodec.decode(W3CHttpResponseCodec.java:133)
	at org.openqa.selenium.remote.codec.w3c.W3CHttpResponseCodec.decode(W3CHttpResponseCodec.java:53)
	at org.openqa.selenium.remote.HttpCommandExecutor.execute(HttpCommandExecutor.java:184)
	at org.openqa.selenium.remote.service.DriverCommandExecutor.invokeExecute(DriverCommandExecutor.java:164)
	at org.openqa.selenium.remote.service.DriverCommandExecutor.execute(DriverCommandExecutor.java:139)
	at org.openqa.selenium.remote.RemoteWebDriver.execute(RemoteWebDriver.java:559)
	at org.openqa.selenium.remote.ElementLocation$ElementFinder$2.findElement(ElementLocation.java:162)
	at org.openqa.selenium.remote.ElementLocation.findElement(ElementLocation.java:60)
	at org.openqa.selenium.remote.RemoteWebDriver.findElement(RemoteWebDriver.java:383)
	at org.openqa.selenium.remote.RemoteWebDriver.findElement(RemoteWebDriver.java:375)
	at org.openqa.selenium.support.pagefactory.DefaultElementLocator.findElement(DefaultElementLocator.java:70)
	at org.openqa.selenium.support.pagefactory.internal.LocatingElementHandler.invoke(LocatingElementHandler.java:39)
	at com.sun.proxy.$Proxy23.getText(Unknown Source)
	at au.com.carsguide.pages.HomePage.mouseHoverOnBuySell(HomePage.java:38)
	at au.com.carsguide.steps.SearchSteps.iMouseHoverOnBuySellTab(SearchSteps.java:52)
	at ✽.When I mouse hover on 'buy+sell' tab(buy.feature:28)
</pre></div>
					</li>
					<li test-id='84' class='node and skip' status='skip'><b>And</b>
						<span class="bdd-step-name">And I click 'Used' link</span>
							<div class='pre'>skipped</div>
					</li>
					<li test-id='85' class='node then skip' status='skip'><b>Then</b>
						<span class="bdd-step-name">Then I navigate to 'Used Cars For Sale' page</span>
							<div class='pre'>skipped</div>
					</li>
					<li test-id='86' class='node and skip' status='skip'><b>And</b>
						<span class="bdd-step-name">And I select make "Audi"</span>
							<div class='pre'>skipped</div>
					</li>
					<li test-id='87' class='node and skip' status='skip'><b>And</b>
						<span class="bdd-step-name">And I select model "A1"</span>
							<div class='pre'>skipped</div>
					</li>
					<li test-id='88' class='node and skip' status='skip'><b>And</b>
						<span class="bdd-step-name">And I select location "ACT - All"</span>
							<div class='pre'>skipped</div>
					</li>
					<li test-id='89' class='node and skip' status='skip'><b>And</b>
						<span class="bdd-step-name">And I select price "$1,000"</span>
							<div class='pre'>skipped</div>
					</li>
					<li test-id='90' class='node and skip' status='skip'><b>And</b>
						<span class="bdd-step-name">And I click on Find My Next Car tab</span>
							<div class='pre'>skipped</div>
					</li>
					<li test-id='91' class='node then skip' status='skip'><b>Then</b>
						<span class="bdd-step-name">Then I should see the make "Audi" in results</span>
							<div class='pre'>skipped</div>
					</li>
				</ul>
		</li>
		<li test-id='92' class='node scenario pass' status='pass'>
			<div class='category-list'>
				<span class='category label white-text'>@Smoke</span>
				<span class='category label white-text'>@Regression</span>
			</div>
			
			<b>Scenario</b>
			
			<span class="bdd-step-name">Search the used car with model</span>
			
				<ul class='steps'>
					<li test-id='93' class='node given pass' status='pass'><b>Given</b>
						<span class="bdd-step-name">Given I am on homepage</span>
							<div class='pre'>passed</div>
					</li>
					<li test-id='94' class='node when pass' status='pass'><b>When</b>
						<span class="bdd-step-name">When I mouse hover on 'buy+sell' tab</span>
							<div class='pre'>passed</div>
					</li>
					<li test-id='95' class='node and pass' status='pass'><b>And</b>
						<span class="bdd-step-name">And I click 'Used' link</span>
							<div class='pre'>passed</div>
					</li>
					<li test-id='96' class='node then pass' status='pass'><b>Then</b>
						<span class="bdd-step-name">Then I navigate to 'Used Cars For Sale' page</span>
							<div class='pre'>passed</div>
					</li>
					<li test-id='97' class='node and pass' status='pass'><b>And</b>
						<span class="bdd-step-name">And I select make "Land Rover"</span>
							<div class='pre'>passed</div>
					</li>
					<li test-id='98' class='node and pass' status='pass'><b>And</b>
						<span class="bdd-step-name">And I select model "Discovery Sport"</span>
							<div class='pre'>passed</div>
					</li>
					<li test-id='99' class='node and pass' status='pass'><b>And</b>
						<span class="bdd-step-name">And I select location "NSW - Central West"</span>
							<div class='pre'>passed</div>
					</li>
					<li test-id='100' class='node and pass' status='pass'><b>And</b>
						<span class="bdd-step-name">And I select price "$90,000"</span>
							<div class='pre'>passed</div>
					</li>
					<li test-id='101' class='node and pass' status='pass'><b>And</b>
						<span class="bdd-step-name">And I click on Find My Next Car tab</span>
							<div class='pre'>passed</div>
					</li>
					<li test-id='102' class='node then pass' status='pass'><b>Then</b>
						<span class="bdd-step-name">Then I should see the make "Land Rover" in results</span>
							<div class='pre'>passed</div>
					</li>
				</ul>
		</li>
		<li test-id='103' class='node scenario pass' status='pass'>
			<div class='category-list'>
				<span class='category label white-text'>@Smoke</span>
				<span class='category label white-text'>@Regression</span>
			</div>
			
			<b>Scenario</b>
			
			<span class="bdd-step-name">Search the used car with model</span>
			
				<ul class='steps'>
					<li test-id='104' class='node given pass' status='pass'><b>Given</b>
						<span class="bdd-step-name">Given I am on homepage</span>
							<div class='pre'>passed</div>
					</li>
					<li test-id='105' class='node when pass' status='pass'><b>When</b>
						<span class="bdd-step-name">When I mouse hover on 'buy+sell' tab</span>
							<div class='pre'>passed</div>
					</li>
					<li test-id='106' class='node and pass' status='pass'><b>And</b>
						<span class="bdd-step-name">And I click 'Used' link</span>
							<div class='pre'>passed</div>
					</li>
					<li test-id='107' class='node then pass' status='pass'><b>Then</b>
						<span class="bdd-step-name">Then I navigate to 'Used Cars For Sale' page</span>
							<div class='pre'>passed</div>
					</li>
					<li test-id='108' class='node and pass' status='pass'><b>And</b>
						<span class="bdd-step-name">And I select make "Mercedes-Benz"</span>
							<div class='pre'>passed</div>
					</li>
					<li test-id='109' class='node and pass' status='pass'><b>And</b>
						<span class="bdd-step-name">And I select model "A-Class"</span>
							<div class='pre'>passed</div>
					</li>
					<li test-id='110' class='node and pass' status='pass'><b>And</b>
						<span class="bdd-step-name">And I select location "NT - All"</span>
							<div class='pre'>passed</div>
					</li>
					<li test-id='111' class='node and pass' status='pass'><b>And</b>
						<span class="bdd-step-name">And I select price "$70,000"</span>
							<div class='pre'>passed</div>
					</li>
					<li test-id='112' class='node and pass' status='pass'><b>And</b>
						<span class="bdd-step-name">And I click on Find My Next Car tab</span>
							<div class='pre'>passed</div>
					</li>
					<li test-id='113' class='node then pass' status='pass'><b>Then</b>
						<span class="bdd-step-name">Then I should see the make "Mercedes-Benz" in results</span>
							<div class='pre'>passed</div>
					</li>
				</ul>
		</li>
		<li test-id='114' class='node scenario fail' status='fail'>
			<div class='category-list'>
				<span class='category label white-text'>@Smoke</span>
				<span class='category label white-text'>@Regression</span>
			</div>
			
			<b>Scenario</b>
			
			<span class="bdd-step-name">Search the used car with model</span>
			
				<ul class='steps'>
					<li test-id='115' class='node given pass' status='pass'><b>Given</b>
						<span class="bdd-step-name">Given I am on homepage</span>
							<div class='pre'>passed</div>
					</li>
					<li test-id='116' class='node when fail' status='fail'><b>When</b>
						<span class="bdd-step-name">When I mouse hover on 'buy+sell' tab</span>
							<div class='pre'><pre>org.openqa.selenium.WebDriverException: unknown error: session deleted because of page crash
from unknown error: cannot determine loading status
from tab crashed
  (Session info: chrome=102.0.5005.61)
Build info: version: '4.0.0', revision: '3a21814679'
System info: host: 'LAPTOP-GDT3JREG', ip: '192.168.0.8', os.name: 'Windows 10', os.arch: 'amd64', os.version: '10.0', java.version: '1.8.0_121'
Driver info: org.openqa.selenium.chrome.ChromeDriver
Command: [02856b9350de39137c66373a38e0bbba, findElement {using=xpath, value=//a[contains(text(),'buy + sell')]}]
Capabilities {acceptInsecureCerts: false, browserName: chrome, browserVersion: 102.0.5005.61, chrome: {chromedriverVersion: 102.0.5005.61 (0e59bcc00cc4..., userDataDir: C:\Users\ektam\AppData\Loca...}, goog:chromeOptions: {debuggerAddress: localhost:57354}, javascriptEnabled: true, networkConnectionEnabled: false, pageLoadStrategy: normal, platform: WINDOWS, platformName: WINDOWS, proxy: Proxy(), se:cdp: ws://localhost:57354/devtoo..., se:cdpVersion: 102.0.5005.61, setWindowRect: true, strictFileInteractability: false, timeouts: {implicit: 0, pageLoad: 300000, script: 30000}, unhandledPromptBehavior: dismiss and notify, webauthn:extension:credBlob: true, webauthn:extension:largeBlob: true, webauthn:virtualAuthenticators: true}
Session ID: 02856b9350de39137c66373a38e0bbba
	at sun.reflect.NativeConstructorAccessorImpl.newInstance0(Native Method)
	at sun.reflect.NativeConstructorAccessorImpl.newInstance(NativeConstructorAccessorImpl.java:62)
	at sun.reflect.DelegatingConstructorAccessorImpl.newInstance(DelegatingConstructorAccessorImpl.java:45)
	at java.lang.reflect.Constructor.newInstance(Constructor.java:423)
	at org.openqa.selenium.remote.codec.w3c.W3CHttpResponseCodec.createException(W3CHttpResponseCodec.java:200)
	at org.openqa.selenium.remote.codec.w3c.W3CHttpResponseCodec.decode(W3CHttpResponseCodec.java:133)
	at org.openqa.selenium.remote.codec.w3c.W3CHttpResponseCodec.decode(W3CHttpResponseCodec.java:53)
	at org.openqa.selenium.remote.HttpCommandExecutor.execute(HttpCommandExecutor.java:184)
	at org.openqa.selenium.remote.service.DriverCommandExecutor.invokeExecute(DriverCommandExecutor.java:164)
	at org.openqa.selenium.remote.service.DriverCommandExecutor.execute(DriverCommandExecutor.java:139)
	at org.openqa.selenium.remote.RemoteWebDriver.execute(RemoteWebDriver.java:559)
	at org.openqa.selenium.remote.ElementLocation$ElementFinder$2.findElement(ElementLocation.java:162)
	at org.openqa.selenium.remote.ElementLocation.findElement(ElementLocation.java:60)
	at org.openqa.selenium.remote.RemoteWebDriver.findElement(RemoteWebDriver.java:383)
	at org.openqa.selenium.remote.RemoteWebDriver.findElement(RemoteWebDriver.java:375)
	at org.openqa.selenium.support.pagefactory.DefaultElementLocator.findElement(DefaultElementLocator.java:70)
	at org.openqa.selenium.support.pagefactory.internal.LocatingElementHandler.invoke(LocatingElementHandler.java:39)
	at com.sun.proxy.$Proxy23.getText(Unknown Source)
	at au.com.carsguide.pages.HomePage.mouseHoverOnBuySell(HomePage.java:38)
	at au.com.carsguide.steps.SearchSteps.iMouseHoverOnBuySellTab(SearchSteps.java:52)
	at ✽.When I mouse hover on 'buy+sell' tab(buy.feature:28)
</pre></div>
					</li>
					<li test-id='117' class='node and skip' status='skip'><b>And</b>
						<span class="bdd-step-name">And I click 'Used' link</span>
							<div class='pre'>skipped</div>
					</li>
					<li test-id='118' class='node then skip' status='skip'><b>Then</b>
						<span class="bdd-step-name">Then I navigate to 'Used Cars For Sale' page</span>
							<div class='pre'>skipped</div>
					</li>
					<li test-id='119' class='node and skip' status='skip'><b>And</b>
						<span class="bdd-step-name">And I select make "Suzuki"</span>
							<div class='pre'>skipped</div>
					</li>
					<li test-id='120' class='node and skip' status='skip'><b>And</b>
						<span class="bdd-step-name">And I select model "Baleno"</span>
							<div class='pre'>skipped</div>
					</li>
					<li test-id='121' class='node and skip' status='skip'><b>And</b>
						<span class="bdd-step-name">And I select location "NT - All"</span>
							<div class='pre'>skipped</div>
					</li>
					<li test-id='122' class='node and skip' status='skip'><b>And</b>
						<span class="bdd-step-name">And I select price "$50,000"</span>
							<div class='pre'>skipped</div>
					</li>
					<li test-id='123' class='node and skip' status='skip'><b>And</b>
						<span class="bdd-step-name">And I click on Find My Next Car tab</span>
							<div class='pre'>skipped</div>
					</li>
					<li test-id='124' class='node then skip' status='skip'><b>Then</b>
						<span class="bdd-step-name">Then I should see the make "Suzuki" in results</span>
							<div class='pre'>skipped</div>
					</li>
				</ul>
		</li>
		<li test-id='125' class='node scenario pass' status='pass'>
			<div class='category-list'>
				<span class='category label white-text'>@Smoke</span>
				<span class='category label white-text'>@Regression</span>
			</div>
			
			<b>Scenario</b>
			
			<span class="bdd-step-name">Search the used car with model</span>
			
				<ul class='steps'>
					<li test-id='126' class='node given pass' status='pass'><b>Given</b>
						<span class="bdd-step-name">Given I am on homepage</span>
							<div class='pre'>passed</div>
					</li>
					<li test-id='127' class='node when pass' status='pass'><b>When</b>
						<span class="bdd-step-name">When I mouse hover on 'buy+sell' tab</span>
							<div class='pre'>passed</div>
					</li>
					<li test-id='128' class='node and pass' status='pass'><b>And</b>
						<span class="bdd-step-name">And I click 'Used' link</span>
							<div class='pre'>passed</div>
					</li>
					<li test-id='129' class='node then pass' status='pass'><b>Then</b>
						<span class="bdd-step-name">Then I navigate to 'Used Cars For Sale' page</span>
							<div class='pre'>passed</div>
					</li>
					<li test-id='130' class='node and pass' status='pass'><b>And</b>
						<span class="bdd-step-name">And I select make "Tata"</span>
							<div class='pre'>passed</div>
					</li>
					<li test-id='131' class='node and pass' status='pass'><b>And</b>
						<span class="bdd-step-name">And I select model "Xenon"</span>
							<div class='pre'>passed</div>
					</li>
					<li test-id='132' class='node and pass' status='pass'><b>And</b>
						<span class="bdd-step-name">And I select location "Any Location"</span>
							<div class='pre'>passed</div>
					</li>
					<li test-id='133' class='node and pass' status='pass'><b>And</b>
						<span class="bdd-step-name">And I select price "$90,000"</span>
							<div class='pre'>passed</div>
					</li>
					<li test-id='134' class='node and pass' status='pass'><b>And</b>
						<span class="bdd-step-name">And I click on Find My Next Car tab</span>
							<div class='pre'>passed</div>
					</li>
					<li test-id='135' class='node then pass' status='pass'><b>Then</b>
						<span class="bdd-step-name">Then I should see the make "Tata" in results</span>
							<div class='pre'>passed</div>
					</li>
				</ul>
		</li>
	</ul>
</div>
					</div>
				</li>
				
				
				<li class='test displayed active has-leaf fail' status='fail' bdd='true' test-id='136'>
					<div class='test-heading'>
						<span class='test-name'>Find the dealers and verify</span>
						<span class='test-time'>May 27, 2022 10:43:00 PM</span>
						<span class='test-status right fail'>fail</span>
					</div>
					<div class='test-content hide'>
<div class='scenario node' test-id='137' status='fail'>
	<div class='category-list'>
		<span class='category label white-text'>@Regression</span>
		<span class='category label white-text'>@Sanity</span>
	</div>
	<span class='duration right label'>0h 0m 4s+2ms</span>
	<div class='desc'>
		<b>Scenario</b>
		<span class="desc-text">Find the dealers and verify the dealers are in list</span>
	</div>
	<ul class='steps'>
		<li test-id='138' class='node given pass' status='pass'>
			
			<b>Given</b>
			
			<span class="bdd-step-name">Given I am on homepage</span>
				<div class='pre'>passed</div>
			
		</li>
		<li test-id='139' class='node when fail' status='fail'>
			
			<b>When</b>
			
			<span class="bdd-step-name">When I mouse hover on 'buy+sell' tab</span>
				<div class='pre'><pre>org.openqa.selenium.WebDriverException: unknown error: session deleted because of page crash
from unknown error: cannot determine loading status
from tab crashed
  (Session info: chrome=102.0.5005.61)
Build info: version: '4.0.0', revision: '3a21814679'
System info: host: 'LAPTOP-GDT3JREG', ip: '192.168.0.8', os.name: 'Windows 10', os.arch: 'amd64', os.version: '10.0', java.version: '1.8.0_121'
Driver info: org.openqa.selenium.chrome.ChromeDriver
Command: [ff87ecbeb4de74ef27a0cfd4196c6abc, findElement {using=xpath, value=//a[contains(text(),'buy + sell')]}]
Capabilities {acceptInsecureCerts: false, browserName: chrome, browserVersion: 102.0.5005.61, chrome: {chromedriverVersion: 102.0.5005.61 (0e59bcc00cc4..., userDataDir: C:\Users\ektam\AppData\Loca...}, goog:chromeOptions: {debuggerAddress: localhost:57598}, javascriptEnabled: true, networkConnectionEnabled: false, pageLoadStrategy: normal, platform: WINDOWS, platformName: WINDOWS, proxy: Proxy(), se:cdp: ws://localhost:57598/devtoo..., se:cdpVersion: 102.0.5005.61, setWindowRect: true, strictFileInteractability: false, timeouts: {implicit: 0, pageLoad: 300000, script: 30000}, unhandledPromptBehavior: dismiss and notify, webauthn:extension:credBlob: true, webauthn:extension:largeBlob: true, webauthn:virtualAuthenticators: true}
Session ID: ff87ecbeb4de74ef27a0cfd4196c6abc
	at sun.reflect.NativeConstructorAccessorImpl.newInstance0(Native Method)
	at sun.reflect.NativeConstructorAccessorImpl.newInstance(NativeConstructorAccessorImpl.java:62)
	at sun.reflect.DelegatingConstructorAccessorImpl.newInstance(DelegatingConstructorAccessorImpl.java:45)
	at java.lang.reflect.Constructor.newInstance(Constructor.java:423)
	at org.openqa.selenium.remote.codec.w3c.W3CHttpResponseCodec.createException(W3CHttpResponseCodec.java:200)
	at org.openqa.selenium.remote.codec.w3c.W3CHttpResponseCodec.decode(W3CHttpResponseCodec.java:133)
	at org.openqa.selenium.remote.codec.w3c.W3CHttpResponseCodec.decode(W3CHttpResponseCodec.java:53)
	at org.openqa.selenium.remote.HttpCommandExecutor.execute(HttpCommandExecutor.java:184)
	at org.openqa.selenium.remote.service.DriverCommandExecutor.invokeExecute(DriverCommandExecutor.java:164)
	at org.openqa.selenium.remote.service.DriverCommandExecutor.execute(DriverCommandExecutor.java:139)
	at org.openqa.selenium.remote.RemoteWebDriver.execute(RemoteWebDriver.java:559)
	at org.openqa.selenium.remote.ElementLocation$ElementFinder$2.findElement(ElementLocation.java:162)
	at org.openqa.selenium.remote.ElementLocation.findElement(ElementLocation.java:60)
	at org.openqa.selenium.remote.RemoteWebDriver.findElement(RemoteWebDriver.java:383)
	at org.openqa.selenium.remote.RemoteWebDriver.findElement(RemoteWebDriver.java:375)
	at org.openqa.selenium.support.pagefactory.DefaultElementLocator.findElement(DefaultElementLocator.java:70)
	at org.openqa.selenium.support.pagefactory.internal.LocatingElementHandler.invoke(LocatingElementHandler.java:39)
	at com.sun.proxy.$Proxy23.getText(Unknown Source)
	at au.com.carsguide.pages.HomePage.mouseHoverOnBuySell(HomePage.java:38)
	at au.com.carsguide.steps.SearchSteps.iMouseHoverOnBuySellTab(SearchSteps.java:52)
	at ✽.When I mouse hover on 'buy+sell' tab(finddealers.feature:6)
</pre></div>
			
		</li>
		<li test-id='140' class='node and skip' status='skip'>
			
			<b>And</b>
			
			<span class="bdd-step-name">And I click ‘Find a Dealer’</span>
				<div class='pre'>skipped</div>
			
		</li>
		<li test-id='141' class='node then skip' status='skip'>
			
			<b>Then</b>
			
			<span class="bdd-step-name">Then I navigate to ‘car-dealers’ page</span>
				<div class='pre'>skipped</div>
			
		</li>
		<li test-id='142' class='node and skip' status='skip'>
			
			<b>And</b>
			
			<span class="bdd-step-name">And I should see the dealer names <dealersName> are display on page</span>
				<div class='pre'><table><tr><td>3 Point Motors Epping</td></tr><tr><td>5 Star Auto Trade</td></tr><tr><td>AUDI MORNINGTON</td></tr><tr><td>A & M Car Sales Pty Ltd</td></tr><tr><td>A1 MOTORS COMPANY</td></tr><tr><td>ANDREA MOTORI SERVICE</td></tr><tr><td>Oxford Motors</td></tr></table></div>
				<div class='pre'>skipped</div>
			
		</li>
	</ul>
</div>
					</div>
				</li>
			</ul>
		</div>
	</div>
	<!-- subview left -->

	<div class='subview-right left'>
		<div class='view-summary'>
			<h5 class='test-name'></h5>

			<div id='step-filters' class="right">
				<span class="blue-text" status="info" alt="info" title="info"><i class="material-icons">info_outline</i></span>
				<span class="green-text" status="pass" alt="pass" title="pass"><i class="material-icons">check_circle</i></span>
				<span class="red-text" status="fail" alt="fail" title="fail"><i class="material-icons">cancel</i></span>
				<span class="red-text text-darken-4" status="fatal" alt="fatal" title="fatal"><i class="material-icons">cancel</i></span>
				<span class="pink-text text-lighten-1" status="error" alt="error" title="error"><i class="material-icons">error</i></span>
				<span class="orange-text" alt="warning" status="warning" title="warning"><i class="material-icons">warning</i></span>
				<span class="teal-text" status="skip" alt="skip" title="skip"><i class="material-icons">redo</i></span>
				<span status="clear" alt="Clear filters" title="Clear filters"><i class="material-icons">clear</i></span>
			</div>
		</div>
	</div>
	<!-- subview right -->

</div>
<!-- test view -->
<div id='category-view' class='view hide'>

	<section id='controls'>
		<div class='controls grey lighten-4'>
			<!-- search -->
			<div class='chip transparent' alt='Search Tests' title='Search Tests'>
				<a href="#" class='search-div'>
					<i class='material-icons'>search</i> Search
				</a>
				
				<div class='input-field left hide'>
					<input id='search-tests' type='text' class='validate browser-default' placeholder='Search Tests...'>
				</div>
				
			</div>
			<!-- search -->
		</div>
	</section>

	<div class='subview-left left'>
		
		<div class='view-summary'>
			<h5>Categories</h3>
			<ul id='category-collection' class='category-collection'>
				
				<li class='category displayed active'>
					<div class='category-heading'>
						<span class='category-name'>@Sanity</span>
						<span class='category-status right'>
							<span class='label pass'>2</span>
							<span class='label fail'>4</span>
							<span class='label others'>1</span>
						</span>
					</div>
					<div class='category-content hide'>
						<div class='category-status-counts'>
							<span class='label green accent-4 white-text'>Passed: 2</span>
							<span class='label red lighten-1 white-text'>Failed: 4</span>
							<span class='label yellow darken-2 white-text'>Others: 1</span>
						</div>
					
						<div class='category-tests'>
							<table class='bordered table-results'>
								<thead>
									<tr>
										<th>Timestamp</th>
										<th>TestName</th>
										<th>Status</th>
									</tr>
								</thead>
								<tbody>
									<tr>
										<td>May 27, 2022 10:41:08 PM</td>
										<td class='linked' test-id='3'>Search functionality.Search the buy car with model.Search the buy car with model</td>
										<td><span class='test-status fail'>fail</span></td>
									</tr>
									<tr>
										<td>May 27, 2022 10:41:15 PM</td>
										<td class='linked' test-id='14'>Search functionality.Search the buy car with model.Search the buy car with model</td>
										<td><span class='test-status fail'>fail</span></td>
									</tr>
									<tr>
										<td>May 27, 2022 10:41:19 PM</td>
										<td class='linked' test-id='25'>Search functionality.Search the buy car with model.Search the buy car with model</td>
										<td><span class='test-status fail'>fail</span></td>
									</tr>
									<tr>
										<td>May 27, 2022 10:41:28 PM</td>
										<td class='linked' test-id='36'>Search functionality.Search the buy car with model.Search the buy car with model</td>
										<td><span class='test-status pass'>pass</span></td>
									</tr>
									<tr>
										<td>May 27, 2022 10:41:44 PM</td>
										<td class='linked' test-id='47'>Search functionality.Search the buy car with model.Search the buy car with model</td>
										<td><span class='test-status skip'>skip</span></td>
									</tr>
									<tr>
										<td>May 27, 2022 10:41:48 PM</td>
										<td class='linked' test-id='58'>Search functionality.Search the buy car with model.Search the buy car with model</td>
										<td><span class='test-status pass'>pass</span></td>
									</tr>
									<tr>
										<td>May 27, 2022 10:43:00 PM</td>
										<td class='linked' test-id='137'>Find the dealers and verify.Find the dealers and verify the dealers are in list</td>
										<td><span class='test-status fail'>fail</span></td>
									</tr>
								</tbody>
							</table>
						</div>
					</div>
				</li>
				<li class='category displayed active'>
					<div class='category-heading'>
						<span class='category-name'>@Regression</span>
						<span class='category-status right'>
							<span class='label pass'>5</span>
							<span class='label fail'>7</span>
							<span class='label others'>1</span>
						</span>
					</div>
					<div class='category-content hide'>
						<div class='category-status-counts'>
							<span class='label green accent-4 white-text'>Passed: 5</span>
							<span class='label red lighten-1 white-text'>Failed: 7</span>
							<span class='label yellow darken-2 white-text'>Others: 1</span>
						</div>
					
						<div class='category-tests'>
							<table class='bordered table-results'>
								<thead>
									<tr>
										<th>Timestamp</th>
										<th>TestName</th>
										<th>Status</th>
									</tr>
								</thead>
								<tbody>
									<tr>
										<td>May 27, 2022 10:41:08 PM</td>
										<td class='linked' test-id='3'>Search functionality.Search the buy car with model.Search the buy car with model</td>
										<td><span class='test-status fail'>fail</span></td>
									</tr>
									<tr>
										<td>May 27, 2022 10:41:15 PM</td>
										<td class='linked' test-id='14'>Search functionality.Search the buy car with model.Search the buy car with model</td>
										<td><span class='test-status fail'>fail</span></td>
									</tr>
									<tr>
										<td>May 27, 2022 10:41:19 PM</td>
										<td class='linked' test-id='25'>Search functionality.Search the buy car with model.Search the buy car with model</td>
										<td><span class='test-status fail'>fail</span></td>
									</tr>
									<tr>
										<td>May 27, 2022 10:41:28 PM</td>
										<td class='linked' test-id='36'>Search functionality.Search the buy car with model.Search the buy car with model</td>
										<td><span class='test-status pass'>pass</span></td>
									</tr>
									<tr>
										<td>May 27, 2022 10:41:44 PM</td>
										<td class='linked' test-id='47'>Search functionality.Search the buy car with model.Search the buy car with model</td>
										<td><span class='test-status skip'>skip</span></td>
									</tr>
									<tr>
										<td>May 27, 2022 10:41:48 PM</td>
										<td class='linked' test-id='58'>Search functionality.Search the buy car with model.Search the buy car with model</td>
										<td><span class='test-status pass'>pass</span></td>
									</tr>
									<tr>
										<td>May 27, 2022 10:42:02 PM</td>
										<td class='linked' test-id='70'>Search functionality.Search the used car with model.Search the used car with model</td>
										<td><span class='test-status fail'>fail</span></td>
									</tr>
									<tr>
										<td>May 27, 2022 10:42:09 PM</td>
										<td class='linked' test-id='81'>Search functionality.Search the used car with model.Search the used car with model</td>
										<td><span class='test-status fail'>fail</span></td>
									</tr>
									<tr>
										<td>May 27, 2022 10:42:13 PM</td>
										<td class='linked' test-id='92'>Search functionality.Search the used car with model.Search the used car with model</td>
										<td><span class='test-status pass'>pass</span></td>
									</tr>
									<tr>
										<td>May 27, 2022 10:42:28 PM</td>
										<td class='linked' test-id='103'>Search functionality.Search the used car with model.Search the used car with model</td>
										<td><span class='test-status pass'>pass</span></td>
									</tr>
									<tr>
										<td>May 27, 2022 10:42:42 PM</td>
										<td class='linked' test-id='114'>Search functionality.Search the used car with model.Search the used car with model</td>
										<td><span class='test-status fail'>fail</span></td>
									</tr>
									<tr>
										<td>May 27, 2022 10:42:46 PM</td>
										<td class='linked' test-id='125'>Search functionality.Search the used car with model.Search the used car with model</td>
										<td><span class='test-status pass'>pass</span></td>
									</tr>
									<tr>
										<td>May 27, 2022 10:43:00 PM</td>
										<td class='linked' test-id='137'>Find the dealers and verify.Find the dealers and verify the dealers are in list</td>
										<td><span class='test-status fail'>fail</span></td>
									</tr>
								</tbody>
							</table>
						</div>
					</div>
				</li>
				<li class='category displayed active'>
					<div class='category-heading'>
						<span class='category-name'>@Smoke</span>
						<span class='category-status right'>
							<span class='label pass'>3</span>
							<span class='label fail'>3</span>
						</span>
					</div>
					<div class='category-content hide'>
						<div class='category-status-counts'>
							<span class='label green accent-4 white-text'>Passed: 3</span>
							<span class='label red lighten-1 white-text'>Failed: 3</span>
							
						</div>
					
						<div class='category-tests'>
							<table class='bordered table-results'>
								<thead>
									<tr>
										<th>Timestamp</th>
										<th>TestName</th>
										<th>Status</th>
									</tr>
								</thead>
								<tbody>
									<tr>
										<td>May 27, 2022 10:42:02 PM</td>
										<td class='linked' test-id='70'>Search functionality.Search the used car with model.Search the used car with model</td>
										<td><span class='test-status fail'>fail</span></td>
									</tr>
									<tr>
										<td>May 27, 2022 10:42:09 PM</td>
										<td class='linked' test-id='81'>Search functionality.Search the used car with model.Search the used car with model</td>
										<td><span class='test-status fail'>fail</span></td>
									</tr>
									<tr>
										<td>May 27, 2022 10:42:13 PM</td>
										<td class='linked' test-id='92'>Search functionality.Search the used car with model.Search the used car with model</td>
										<td><span class='test-status pass'>pass</span></td>
									</tr>
									<tr>
										<td>May 27, 2022 10:42:28 PM</td>
										<td class='linked' test-id='103'>Search functionality.Search the used car with model.Search the used car with model</td>
										<td><span class='test-status pass'>pass</span></td>
									</tr>
									<tr>
										<td>May 27, 2022 10:42:42 PM</td>
										<td class='linked' test-id='114'>Search functionality.Search the used car with model.Search the used car with model</td>
										<td><span class='test-status fail'>fail</span></td>
									</tr>
									<tr>
										<td>May 27, 2022 10:42:46 PM</td>
										<td class='linked' test-id='125'>Search functionality.Search the used car with model.Search the used car with model</td>
										<td><span class='test-status pass'>pass</span></td>
									</tr>
								</tbody>
							</table>
						</div>
					</div>
				</li>

			</ul>
		</div>
	</div>

	<div class='subview-right left'>
		<div class='view-summary'>
			<h5 class='category-name'></h5>
		</div>
	</div>
</div>
<!-- category view -->
<div id='exception-view' class='view hide'>

    <section id='controls'>
        <div class='controls grey lighten-4'>
            <!-- search -->
            <div class='chip transparent' alt='Search Tests' title='Search Tests'>
                <a href="#" class='search-div'>
                    <i class='material-icons'>search</i> Search
                </a>

                <div class='input-field left hide'>
                    <input id='search-tests' type='text' class='validate browser-default' placeholder='Search Tests...'>
                </div>

            </div>
            <!-- search -->
        </div>
    </section>

    <div class='subview-left left'>

        <div class='view-summary'>
            <h5>Exceptions</h3>
                <ul id='exception-collection' class='exception-collection'>

                        <li class='exception displayed active'>
                            <div class='exception-heading'>
                                <span class='exception-name'>org.openqa.selenium.WebDriverException</span>
                                <span class='exception-count right'><span class='label red lighten-1 white-text'>7</span></span>
                            </div>
                            <div class='exception-content hide'>
                                <div class='exception-tests'>
                                    <table class='bordered table-results'>
                                        <thead>
                                        <tr>
                                            <th>Timestamp</th>
                                            <th>TestName</th>
                                            <th>Status</th>
                                        </tr>
                                        </thead>
                                        <tbody>
                                                    <tr>
                                                        <td>May 27, 2022 10:41:14 PM</td>
                                                        <td class='linked' test-id='5'>Search functionality.Search the buy car with model.Search the buy car with model.When I mouse hover on 'buy+sell' tab</td>
                                                        <td><pre><pre>org.openqa.selenium.WebDriverException: unknown error: session deleted because of page crash
from unknown error: cannot determine loading status
from tab crashed
  (Session info: chrome=102.0.5005.61)
Build info: version: '4.0.0', revision: '3a21814679'
System info: host: 'LAPTOP-GDT3JREG', ip: '192.168.0.8', os.name: 'Windows 10', os.arch: 'amd64', os.version: '10.0', java.version: '1.8.0_121'
Driver info: org.openqa.selenium.chrome.ChromeDriver
Command: [6c3d644daf715540869bac771cba9436, findElement {using=xpath, value=//a[contains(text(),'buy + sell')]}]
Capabilities {acceptInsecureCerts: false, browserName: chrome, browserVersion: 102.0.5005.61, chrome: {chromedriverVersion: 102.0.5005.61 (0e59bcc00cc4..., userDataDir: C:\Users\ektam\AppData\Loca...}, goog:chromeOptions: {debuggerAddress: localhost:56075}, javascriptEnabled: true, networkConnectionEnabled: false, pageLoadStrategy: normal, platform: WINDOWS, platformName: WINDOWS, proxy: Proxy(), se:cdp: ws://localhost:56075/devtoo..., se:cdpVersion: 102.0.5005.61, setWindowRect: true, strictFileInteractability: false, timeouts: {implicit: 0, pageLoad: 300000, script: 30000}, unhandledPromptBehavior: dismiss and notify, webauthn:extension:credBlob: true, webauthn:extension:largeBlob: true, webauthn:virtualAuthenticators: true}
Session ID: 6c3d644daf715540869bac771cba9436
	at sun.reflect.NativeConstructorAccessorImpl.newInstance0(Native Method)
	at sun.reflect.NativeConstructorAccessorImpl.newInstance(NativeConstructorAccessorImpl.java:62)
	at sun.reflect.DelegatingConstructorAccessorImpl.newInstance(DelegatingConstructorAccessorImpl.java:45)
	at java.lang.reflect.Constructor.newInstance(Constructor.java:423)
	at org.openqa.selenium.remote.codec.w3c.W3CHttpResponseCodec.createException(W3CHttpResponseCodec.java:200)
	at org.openqa.selenium.remote.codec.w3c.W3CHttpResponseCodec.decode(W3CHttpResponseCodec.java:133)
	at org.openqa.selenium.remote.codec.w3c.W3CHttpResponseCodec.decode(W3CHttpResponseCodec.java:53)
	at org.openqa.selenium.remote.HttpCommandExecutor.execute(HttpCommandExecutor.java:184)
	at org.openqa.selenium.remote.service.DriverCommandExecutor.invokeExecute(DriverCommandExecutor.java:164)
	at org.openqa.selenium.remote.service.DriverCommandExecutor.execute(DriverCommandExecutor.java:139)
	at org.openqa.selenium.remote.RemoteWebDriver.execute(RemoteWebDriver.java:559)
	at org.openqa.selenium.remote.ElementLocation$ElementFinder$2.findElement(ElementLocation.java:162)
	at org.openqa.selenium.remote.ElementLocation.findElement(ElementLocation.java:60)
	at org.openqa.selenium.remote.RemoteWebDriver.findElement(RemoteWebDriver.java:383)
	at org.openqa.selenium.remote.RemoteWebDriver.findElement(RemoteWebDriver.java:375)
	at org.openqa.selenium.support.pagefactory.DefaultElementLocator.findElement(DefaultElementLocator.java:70)
	at org.openqa.selenium.support.pagefactory.internal.LocatingElementHandler.invoke(LocatingElementHandler.java:39)
	at com.sun.proxy.$Proxy23.getText(Unknown Source)
	at au.com.carsguide.pages.HomePage.mouseHoverOnBuySell(HomePage.java:38)
	at au.com.carsguide.steps.SearchSteps.iMouseHoverOnBuySellTab(SearchSteps.java:52)
	at ✽.When I mouse hover on 'buy+sell' tab(buy.feature:7)
</pre></pre></td>
                                                    </tr>
                                                    <tr>
                                                        <td>May 27, 2022 10:41:19 PM</td>
                                                        <td class='linked' test-id='16'>Search functionality.Search the buy car with model.Search the buy car with model.When I mouse hover on 'buy+sell' tab</td>
                                                        <td><pre><pre>org.openqa.selenium.WebDriverException: unknown error: session deleted because of page crash
from unknown error: cannot determine loading status
from tab crashed
  (Session info: chrome=102.0.5005.61)
Build info: version: '4.0.0', revision: '3a21814679'
System info: host: 'LAPTOP-GDT3JREG', ip: '192.168.0.8', os.name: 'Windows 10', os.arch: 'amd64', os.version: '10.0', java.version: '1.8.0_121'
Driver info: org.openqa.selenium.chrome.ChromeDriver
Command: [c32d8e4edb98f04e2fb4ee258cb1566d, findElement {using=xpath, value=//a[contains(text(),'buy + sell')]}]
Capabilities {acceptInsecureCerts: false, browserName: chrome, browserVersion: 102.0.5005.61, chrome: {chromedriverVersion: 102.0.5005.61 (0e59bcc00cc4..., userDataDir: C:\Users\ektam\AppData\Loca...}, goog:chromeOptions: {debuggerAddress: localhost:56132}, javascriptEnabled: true, networkConnectionEnabled: false, pageLoadStrategy: normal, platform: WINDOWS, platformName: WINDOWS, proxy: Proxy(), se:cdp: ws://localhost:56132/devtoo..., se:cdpVersion: 102.0.5005.61, setWindowRect: true, strictFileInteractability: false, timeouts: {implicit: 0, pageLoad: 300000, script: 30000}, unhandledPromptBehavior: dismiss and notify, webauthn:extension:credBlob: true, webauthn:extension:largeBlob: true, webauthn:virtualAuthenticators: true}
Session ID: c32d8e4edb98f04e2fb4ee258cb1566d
	at sun.reflect.NativeConstructorAccessorImpl.newInstance0(Native Method)
	at sun.reflect.NativeConstructorAccessorImpl.newInstance(NativeConstructorAccessorImpl.java:62)
	at sun.reflect.DelegatingConstructorAccessorImpl.newInstance(DelegatingConstructorAccessorImpl.java:45)
	at java.lang.reflect.Constructor.newInstance(Constructor.java:423)
	at org.openqa.selenium.remote.codec.w3c.W3CHttpResponseCodec.createException(W3CHttpResponseCodec.java:200)
	at org.openqa.selenium.remote.codec.w3c.W3CHttpResponseCodec.decode(W3CHttpResponseCodec.java:133)
	at org.openqa.selenium.remote.codec.w3c.W3CHttpResponseCodec.decode(W3CHttpResponseCodec.java:53)
	at org.openqa.selenium.remote.HttpCommandExecutor.execute(HttpCommandExecutor.java:184)
	at org.openqa.selenium.remote.service.DriverCommandExecutor.invokeExecute(DriverCommandExecutor.java:164)
	at org.openqa.selenium.remote.service.DriverCommandExecutor.execute(DriverCommandExecutor.java:139)
	at org.openqa.selenium.remote.RemoteWebDriver.execute(RemoteWebDriver.java:559)
	at org.openqa.selenium.remote.ElementLocation$ElementFinder$2.findElement(ElementLocation.java:162)
	at org.openqa.selenium.remote.ElementLocation.findElement(ElementLocation.java:60)
	at org.openqa.selenium.remote.RemoteWebDriver.findElement(RemoteWebDriver.java:383)
	at org.openqa.selenium.remote.RemoteWebDriver.findElement(RemoteWebDriver.java:375)
	at org.openqa.selenium.support.pagefactory.DefaultElementLocator.findElement(DefaultElementLocator.java:70)
	at org.openqa.selenium.support.pagefactory.internal.LocatingElementHandler.invoke(LocatingElementHandler.java:39)
	at com.sun.proxy.$Proxy23.getText(Unknown Source)
	at au.com.carsguide.pages.HomePage.mouseHoverOnBuySell(HomePage.java:38)
	at au.com.carsguide.steps.SearchSteps.iMouseHoverOnBuySellTab(SearchSteps.java:52)
	at ✽.When I mouse hover on 'buy+sell' tab(buy.feature:7)
</pre></pre></td>
                                                    </tr>
                                                    <tr>
                                                        <td>May 27, 2022 10:41:27 PM</td>
                                                        <td class='linked' test-id='29'>Search functionality.Search the buy car with model.Search the buy car with model.Then I navigate to 'new and used car search' page</td>
                                                        <td><pre><pre>org.openqa.selenium.WebDriverException: unknown error: session deleted because of page crash
from unknown error: cannot determine loading status
from tab crashed
  (Session info: chrome=102.0.5005.61)
Build info: version: '4.0.0', revision: '3a21814679'
System info: host: 'LAPTOP-GDT3JREG', ip: '192.168.0.8', os.name: 'Windows 10', os.arch: 'amd64', os.version: '10.0', java.version: '1.8.0_121'
Driver info: org.openqa.selenium.chrome.ChromeDriver
Command: [bd1aeabd965e23558462a0786e6a47c7, findElement {using=xpath, value=//h1}]
Capabilities {acceptInsecureCerts: false, browserName: chrome, browserVersion: 102.0.5005.61, chrome: {chromedriverVersion: 102.0.5005.61 (0e59bcc00cc4..., userDataDir: C:\Users\ektam\AppData\Loca...}, goog:chromeOptions: {debuggerAddress: localhost:56195}, javascriptEnabled: true, networkConnectionEnabled: false, pageLoadStrategy: normal, platform: WINDOWS, platformName: WINDOWS, proxy: Proxy(), se:cdp: ws://localhost:56195/devtoo..., se:cdpVersion: 102.0.5005.61, setWindowRect: true, strictFileInteractability: false, timeouts: {implicit: 0, pageLoad: 300000, script: 30000}, unhandledPromptBehavior: dismiss and notify, webauthn:extension:credBlob: true, webauthn:extension:largeBlob: true, webauthn:virtualAuthenticators: true}
Session ID: bd1aeabd965e23558462a0786e6a47c7
	at sun.reflect.NativeConstructorAccessorImpl.newInstance0(Native Method)
	at sun.reflect.NativeConstructorAccessorImpl.newInstance(NativeConstructorAccessorImpl.java:62)
	at sun.reflect.DelegatingConstructorAccessorImpl.newInstance(DelegatingConstructorAccessorImpl.java:45)
	at java.lang.reflect.Constructor.newInstance(Constructor.java:423)
	at org.openqa.selenium.remote.codec.w3c.W3CHttpResponseCodec.createException(W3CHttpResponseCodec.java:200)
	at org.openqa.selenium.remote.codec.w3c.W3CHttpResponseCodec.decode(W3CHttpResponseCodec.java:133)
	at org.openqa.selenium.remote.codec.w3c.W3CHttpResponseCodec.decode(W3CHttpResponseCodec.java:53)
	at org.openqa.selenium.remote.HttpCommandExecutor.execute(HttpCommandExecutor.java:184)
	at org.openqa.selenium.remote.service.DriverCommandExecutor.invokeExecute(DriverCommandExecutor.java:164)
	at org.openqa.selenium.remote.service.DriverCommandExecutor.execute(DriverCommandExecutor.java:139)
	at org.openqa.selenium.remote.RemoteWebDriver.execute(RemoteWebDriver.java:559)
	at org.openqa.selenium.remote.ElementLocation$ElementFinder$2.findElement(ElementLocation.java:162)
	at org.openqa.selenium.remote.ElementLocation.findElement(ElementLocation.java:60)
	at org.openqa.selenium.remote.RemoteWebDriver.findElement(RemoteWebDriver.java:383)
	at org.openqa.selenium.remote.RemoteWebDriver.findElement(RemoteWebDriver.java:375)
	at org.openqa.selenium.support.pagefactory.DefaultElementLocator.findElement(DefaultElementLocator.java:70)
	at org.openqa.selenium.support.pagefactory.internal.LocatingElementHandler.invoke(LocatingElementHandler.java:39)
	at com.sun.proxy.$Proxy23.getText(Unknown Source)
	at au.com.carsguide.utility.Utility.getTextFromElement(Utility.java:65)
	at au.com.carsguide.pages.NewUsedCarSearch.getPageTitleText(NewUsedCarSearch.java:38)
	at au.com.carsguide.steps.SearchSteps.iNavigateToNewAndUsedCarSearchPage(SearchSteps.java:21)
	at ✽.Then I navigate to 'new and used car search' page(buy.feature:9)
</pre></pre></td>
                                                    </tr>
                                                    <tr>
                                                        <td>May 27, 2022 10:42:09 PM</td>
                                                        <td class='linked' test-id='74'>Search functionality.Search the used car with model.Search the used car with model.Then I navigate to 'Used Cars For Sale' page</td>
                                                        <td><pre><pre>org.openqa.selenium.WebDriverException: unknown error: session deleted because of page crash
from unknown error: cannot determine loading status
from tab crashed
  (Session info: chrome=102.0.5005.61)
Build info: version: '4.0.0', revision: '3a21814679'
System info: host: 'LAPTOP-GDT3JREG', ip: '192.168.0.8', os.name: 'Windows 10', os.arch: 'amd64', os.version: '10.0', java.version: '1.8.0_121'
Driver info: org.openqa.selenium.chrome.ChromeDriver
Command: [e82928ba2c8d74e2884b74f494c137d4, findElement {using=xpath, value=//h1}]
Capabilities {acceptInsecureCerts: false, browserName: chrome, browserVersion: 102.0.5005.61, chrome: {chromedriverVersion: 102.0.5005.61 (0e59bcc00cc4..., userDataDir: C:\Users\ektam\AppData\Loca...}, goog:chromeOptions: {debuggerAddress: localhost:56772}, javascriptEnabled: true, networkConnectionEnabled: false, pageLoadStrategy: normal, platform: WINDOWS, platformName: WINDOWS, proxy: Proxy(), se:cdp: ws://localhost:56772/devtoo..., se:cdpVersion: 102.0.5005.61, setWindowRect: true, strictFileInteractability: false, timeouts: {implicit: 0, pageLoad: 300000, script: 30000}, unhandledPromptBehavior: dismiss and notify, webauthn:extension:credBlob: true, webauthn:extension:largeBlob: true, webauthn:virtualAuthenticators: true}
Session ID: e82928ba2c8d74e2884b74f494c137d4
	at sun.reflect.NativeConstructorAccessorImpl.newInstance0(Native Method)
	at sun.reflect.NativeConstructorAccessorImpl.newInstance(NativeConstructorAccessorImpl.java:62)
	at sun.reflect.DelegatingConstructorAccessorImpl.newInstance(DelegatingConstructorAccessorImpl.java:45)
	at java.lang.reflect.Constructor.newInstance(Constructor.java:423)
	at org.openqa.selenium.remote.codec.w3c.W3CHttpResponseCodec.createException(W3CHttpResponseCodec.java:200)
	at org.openqa.selenium.remote.codec.w3c.W3CHttpResponseCodec.decode(W3CHttpResponseCodec.java:133)
	at org.openqa.selenium.remote.codec.w3c.W3CHttpResponseCodec.decode(W3CHttpResponseCodec.java:53)
	at org.openqa.selenium.remote.HttpCommandExecutor.execute(HttpCommandExecutor.java:184)
	at org.openqa.selenium.remote.service.DriverCommandExecutor.invokeExecute(DriverCommandExecutor.java:164)
	at org.openqa.selenium.remote.service.DriverCommandExecutor.execute(DriverCommandExecutor.java:139)
	at org.openqa.selenium.remote.RemoteWebDriver.execute(RemoteWebDriver.java:559)
	at org.openqa.selenium.remote.ElementLocation$ElementFinder$2.findElement(ElementLocation.java:162)
	at org.openqa.selenium.remote.ElementLocation.findElement(ElementLocation.java:60)
	at org.openqa.selenium.remote.RemoteWebDriver.findElement(RemoteWebDriver.java:383)
	at org.openqa.selenium.remote.RemoteWebDriver.findElement(RemoteWebDriver.java:375)
	at org.openqa.selenium.support.pagefactory.DefaultElementLocator.findElement(DefaultElementLocator.java:70)
	at org.openqa.selenium.support.pagefactory.internal.LocatingElementHandler.invoke(LocatingElementHandler.java:39)
	at com.sun.proxy.$Proxy23.getText(Unknown Source)
	at au.com.carsguide.utility.Utility.getTextFromElement(Utility.java:65)
	at au.com.carsguide.pages.NewUsedCarSearch.getPageTitleText(NewUsedCarSearch.java:38)
	at au.com.carsguide.steps.SearchSteps.iNavigateToUsedCarsForSalePage(SearchSteps.java:67)
	at ✽.Then I navigate to 'Used Cars For Sale' page(buy.feature:30)
</pre></pre></td>
                                                    </tr>
                                                    <tr>
                                                        <td>May 27, 2022 10:42:13 PM</td>
                                                        <td class='linked' test-id='83'>Search functionality.Search the used car with model.Search the used car with model.When I mouse hover on 'buy+sell' tab</td>
                                                        <td><pre><pre>org.openqa.selenium.WebDriverException: unknown error: session deleted because of page crash
from unknown error: cannot determine loading status
from tab crashed
  (Session info: chrome=102.0.5005.61)
Build info: version: '4.0.0', revision: '3a21814679'
System info: host: 'LAPTOP-GDT3JREG', ip: '192.168.0.8', os.name: 'Windows 10', os.arch: 'amd64', os.version: '10.0', java.version: '1.8.0_121'
Driver info: org.openqa.selenium.chrome.ChromeDriver
Command: [4783d292377432d45d2a1ac5c2ace5b7, findElement {using=xpath, value=//a[contains(text(),'buy + sell')]}]
Capabilities {acceptInsecureCerts: false, browserName: chrome, browserVersion: 102.0.5005.61, chrome: {chromedriverVersion: 102.0.5005.61 (0e59bcc00cc4..., userDataDir: C:\Users\ektam\AppData\Loca...}, goog:chromeOptions: {debuggerAddress: localhost:56908}, javascriptEnabled: true, networkConnectionEnabled: false, pageLoadStrategy: normal, platform: WINDOWS, platformName: WINDOWS, proxy: Proxy(), se:cdp: ws://localhost:56908/devtoo..., se:cdpVersion: 102.0.5005.61, setWindowRect: true, strictFileInteractability: false, timeouts: {implicit: 0, pageLoad: 300000, script: 30000}, unhandledPromptBehavior: dismiss and notify, webauthn:extension:credBlob: true, webauthn:extension:largeBlob: true, webauthn:virtualAuthenticators: true}
Session ID: 4783d292377432d45d2a1ac5c2ace5b7
	at sun.reflect.NativeConstructorAccessorImpl.newInstance0(Native Method)
	at sun.reflect.NativeConstructorAccessorImpl.newInstance(NativeConstructorAccessorImpl.java:62)
	at sun.reflect.DelegatingConstructorAccessorImpl.newInstance(DelegatingConstructorAccessorImpl.java:45)
	at java.lang.reflect.Constructor.newInstance(Constructor.java:423)
	at org.openqa.selenium.remote.codec.w3c.W3CHttpResponseCodec.createException(W3CHttpResponseCodec.java:200)
	at org.openqa.selenium.remote.codec.w3c.W3CHttpResponseCodec.decode(W3CHttpResponseCodec.java:133)
	at org.openqa.selenium.remote.codec.w3c.W3CHttpResponseCodec.decode(W3CHttpResponseCodec.java:53)
	at org.openqa.selenium.remote.HttpCommandExecutor.execute(HttpCommandExecutor.java:184)
	at org.openqa.selenium.remote.service.DriverCommandExecutor.invokeExecute(DriverCommandExecutor.java:164)
	at org.openqa.selenium.remote.service.DriverCommandExecutor.execute(DriverCommandExecutor.java:139)
	at org.openqa.selenium.remote.RemoteWebDriver.execute(RemoteWebDriver.java:559)
	at org.openqa.selenium.remote.ElementLocation$ElementFinder$2.findElement(ElementLocation.java:162)
	at org.openqa.selenium.remote.ElementLocation.findElement(ElementLocation.java:60)
	at org.openqa.selenium.remote.RemoteWebDriver.findElement(RemoteWebDriver.java:383)
	at org.openqa.selenium.remote.RemoteWebDriver.findElement(RemoteWebDriver.java:375)
	at org.openqa.selenium.support.pagefactory.DefaultElementLocator.findElement(DefaultElementLocator.java:70)
	at org.openqa.selenium.support.pagefactory.internal.LocatingElementHandler.invoke(LocatingElementHandler.java:39)
	at com.sun.proxy.$Proxy23.getText(Unknown Source)
	at au.com.carsguide.pages.HomePage.mouseHoverOnBuySell(HomePage.java:38)
	at au.com.carsguide.steps.SearchSteps.iMouseHoverOnBuySellTab(SearchSteps.java:52)
	at ✽.When I mouse hover on 'buy+sell' tab(buy.feature:28)
</pre></pre></td>
                                                    </tr>
                                                    <tr>
                                                        <td>May 27, 2022 10:42:46 PM</td>
                                                        <td class='linked' test-id='116'>Search functionality.Search the used car with model.Search the used car with model.When I mouse hover on 'buy+sell' tab</td>
                                                        <td><pre><pre>org.openqa.selenium.WebDriverException: unknown error: session deleted because of page crash
from unknown error: cannot determine loading status
from tab crashed
  (Session info: chrome=102.0.5005.61)
Build info: version: '4.0.0', revision: '3a21814679'
System info: host: 'LAPTOP-GDT3JREG', ip: '192.168.0.8', os.name: 'Windows 10', os.arch: 'amd64', os.version: '10.0', java.version: '1.8.0_121'
Driver info: org.openqa.selenium.chrome.ChromeDriver
Command: [02856b9350de39137c66373a38e0bbba, findElement {using=xpath, value=//a[contains(text(),'buy + sell')]}]
Capabilities {acceptInsecureCerts: false, browserName: chrome, browserVersion: 102.0.5005.61, chrome: {chromedriverVersion: 102.0.5005.61 (0e59bcc00cc4..., userDataDir: C:\Users\ektam\AppData\Loca...}, goog:chromeOptions: {debuggerAddress: localhost:57354}, javascriptEnabled: true, networkConnectionEnabled: false, pageLoadStrategy: normal, platform: WINDOWS, platformName: WINDOWS, proxy: Proxy(), se:cdp: ws://localhost:57354/devtoo..., se:cdpVersion: 102.0.5005.61, setWindowRect: true, strictFileInteractability: false, timeouts: {implicit: 0, pageLoad: 300000, script: 30000}, unhandledPromptBehavior: dismiss and notify, webauthn:extension:credBlob: true, webauthn:extension:largeBlob: true, webauthn:virtualAuthenticators: true}
Session ID: 02856b9350de39137c66373a38e0bbba
	at sun.reflect.NativeConstructorAccessorImpl.newInstance0(Native Method)
	at sun.reflect.NativeConstructorAccessorImpl.newInstance(NativeConstructorAccessorImpl.java:62)
	at sun.reflect.DelegatingConstructorAccessorImpl.newInstance(DelegatingConstructorAccessorImpl.java:45)
	at java.lang.reflect.Constructor.newInstance(Constructor.java:423)
	at org.openqa.selenium.remote.codec.w3c.W3CHttpResponseCodec.createException(W3CHttpResponseCodec.java:200)
	at org.openqa.selenium.remote.codec.w3c.W3CHttpResponseCodec.decode(W3CHttpResponseCodec.java:133)
	at org.openqa.selenium.remote.codec.w3c.W3CHttpResponseCodec.decode(W3CHttpResponseCodec.java:53)
	at org.openqa.selenium.remote.HttpCommandExecutor.execute(HttpCommandExecutor.java:184)
	at org.openqa.selenium.remote.service.DriverCommandExecutor.invokeExecute(DriverCommandExecutor.java:164)
	at org.openqa.selenium.remote.service.DriverCommandExecutor.execute(DriverCommandExecutor.java:139)
	at org.openqa.selenium.remote.RemoteWebDriver.execute(RemoteWebDriver.java:559)
	at org.openqa.selenium.remote.ElementLocation$ElementFinder$2.findElement(ElementLocation.java:162)
	at org.openqa.selenium.remote.ElementLocation.findElement(ElementLocation.java:60)
	at org.openqa.selenium.remote.RemoteWebDriver.findElement(RemoteWebDriver.java:383)
	at org.openqa.selenium.remote.RemoteWebDriver.findElement(RemoteWebDriver.java:375)
	at org.openqa.selenium.support.pagefactory.DefaultElementLocator.findElement(DefaultElementLocator.java:70)
	at org.openqa.selenium.support.pagefactory.internal.LocatingElementHandler.invoke(LocatingElementHandler.java:39)
	at com.sun.proxy.$Proxy23.getText(Unknown Source)
	at au.com.carsguide.pages.HomePage.mouseHoverOnBuySell(HomePage.java:38)
	at au.com.carsguide.steps.SearchSteps.iMouseHoverOnBuySellTab(SearchSteps.java:52)
	at ✽.When I mouse hover on 'buy+sell' tab(buy.feature:28)
</pre></pre></td>
                                                    </tr>
                                                    <tr>
                                                        <td>May 27, 2022 10:43:04 PM</td>
                                                        <td class='linked' test-id='139'>Find the dealers and verify.Find the dealers and verify the dealers are in list.When I mouse hover on 'buy+sell' tab</td>
                                                        <td><pre><pre>org.openqa.selenium.WebDriverException: unknown error: session deleted because of page crash
from unknown error: cannot determine loading status
from tab crashed
  (Session info: chrome=102.0.5005.61)
Build info: version: '4.0.0', revision: '3a21814679'
System info: host: 'LAPTOP-GDT3JREG', ip: '192.168.0.8', os.name: 'Windows 10', os.arch: 'amd64', os.version: '10.0', java.version: '1.8.0_121'
Driver info: org.openqa.selenium.chrome.ChromeDriver
Command: [ff87ecbeb4de74ef27a0cfd4196c6abc, findElement {using=xpath, value=//a[contains(text(),'buy + sell')]}]
Capabilities {acceptInsecureCerts: false, browserName: chrome, browserVersion: 102.0.5005.61, chrome: {chromedriverVersion: 102.0.5005.61 (0e59bcc00cc4..., userDataDir: C:\Users\ektam\AppData\Loca...}, goog:chromeOptions: {debuggerAddress: localhost:57598}, javascriptEnabled: true, networkConnectionEnabled: false, pageLoadStrategy: normal, platform: WINDOWS, platformName: WINDOWS, proxy: Proxy(), se:cdp: ws://localhost:57598/devtoo..., se:cdpVersion: 102.0.5005.61, setWindowRect: true, strictFileInteractability: false, timeouts: {implicit: 0, pageLoad: 300000, script: 30000}, unhandledPromptBehavior: dismiss and notify, webauthn:extension:credBlob: true, webauthn:extension:largeBlob: true, webauthn:virtualAuthenticators: true}
Session ID: ff87ecbeb4de74ef27a0cfd4196c6abc
	at sun.reflect.NativeConstructorAccessorImpl.newInstance0(Native Method)
	at sun.reflect.NativeConstructorAccessorImpl.newInstance(NativeConstructorAccessorImpl.java:62)
	at sun.reflect.DelegatingConstructorAccessorImpl.newInstance(DelegatingConstructorAccessorImpl.java:45)
	at java.lang.reflect.Constructor.newInstance(Constructor.java:423)
	at org.openqa.selenium.remote.codec.w3c.W3CHttpResponseCodec.createException(W3CHttpResponseCodec.java:200)
	at org.openqa.selenium.remote.codec.w3c.W3CHttpResponseCodec.decode(W3CHttpResponseCodec.java:133)
	at org.openqa.selenium.remote.codec.w3c.W3CHttpResponseCodec.decode(W3CHttpResponseCodec.java:53)
	at org.openqa.selenium.remote.HttpCommandExecutor.execute(HttpCommandExecutor.java:184)
	at org.openqa.selenium.remote.service.DriverCommandExecutor.invokeExecute(DriverCommandExecutor.java:164)
	at org.openqa.selenium.remote.service.DriverCommandExecutor.execute(DriverCommandExecutor.java:139)
	at org.openqa.selenium.remote.RemoteWebDriver.execute(RemoteWebDriver.java:559)
	at org.openqa.selenium.remote.ElementLocation$ElementFinder$2.findElement(ElementLocation.java:162)
	at org.openqa.selenium.remote.ElementLocation.findElement(ElementLocation.java:60)
	at org.openqa.selenium.remote.RemoteWebDriver.findElement(RemoteWebDriver.java:383)
	at org.openqa.selenium.remote.RemoteWebDriver.findElement(RemoteWebDriver.java:375)
	at org.openqa.selenium.support.pagefactory.DefaultElementLocator.findElement(DefaultElementLocator.java:70)
	at org.openqa.selenium.support.pagefactory.internal.LocatingElementHandler.invoke(LocatingElementHandler.java:39)
	at com.sun.proxy.$Proxy23.getText(Unknown Source)
	at au.com.carsguide.pages.HomePage.mouseHoverOnBuySell(HomePage.java:38)
	at au.com.carsguide.steps.SearchSteps.iMouseHoverOnBuySellTab(SearchSteps.java:52)
	at ✽.When I mouse hover on 'buy+sell' tab(finddealers.feature:6)
</pre></pre></td>
                                                    </tr>
                                        </tbody>
                                    </table>
                                </div>
                            </div>
                        </li>
                </ul>
        </div>
    </div>

    <div class='subview-right left'>
        <div class='view-summary'>
            <h5 class='exception-name'></h5>
        </div>
    </div>
</div>
<!-- exception view -->
<div id='dashboard-view' class='view hide'>
	<div class='card-panel transparent np-v'>
		<h5>Dashboard</h5>

		<div class='row'>
			<div class='col s2'>
				<div class='card-panel r'>
					Features
					<div class='panel-lead'>2</div>
				</div>
			</div>
			<div class='col s2'>
				<div class='card-panel r'>
					Scenarios
					<div class='panel-lead'>13</div>
				</div>
			</div>
			<div class='col s2'>
				<div class='card-panel r'>
					Steps
					<div class='panel-lead'>125</div>
				</div>
			</div>
			<div class='col s2'>
				<div class='card-panel r'>
					Start
					<div class='panel-lead'>May 27, 2022 10:41:08 PM</div>
				</div>
			</div>
			<div class='col s2'>
				<div class='card-panel r'>
			 		End
			 		<div class='panel-lead'>May 27, 2022 10:43:04 PM</div>
				</div>
			</div>
			<div class='col s2'>
				<div class='card-panel r'>
					Time Taken
					<div class='panel-lead'>116,686ms</div>
				</div>
			</div>
			<div class='col s4'>
				<div class='card-panel dashboard-environment'>
					<span class='right label cyan white-text'>Environment</span><p>&nbsp;</p>
					
					<table>
						<tr>
							<th>Name</th>
							<th>Value</th>
						</tr>
							<tr>
								<td>User Name</td>
								<td>ektam</td>
							</tr>
							<tr>
								<td>Time Zone</td>
								<td>Europe/London</td>
							</tr>
							<tr>
								<td>Machine</td>
								<td>Windows 1064 Bit</td>
							</tr>
							<tr>
								<td>Selenium</td>
								<td>3.141.59</td>
							</tr>
							<tr>
								<td>Maven</td>
								<td>3.5.9</td>
							</tr>
							<tr>
								<td>Java Version</td>
								<td>1.8.0_151</td>
							</tr>
					</table>
				</div>
			</div>
			<div class='col s6'>
				<div class='card-panel dashboard-categories'>
					<span class='right label cyan white-text'>Categories</span><p>&nbsp;</p>
					
					<table>
						<tr>
							<th>Name</th>
							<th>Passed</th>
							<th>Failed</th>
							<th>Others</th>
							<th>Passed %</th>
						</tr>
						<tr>
							<td>@Sanity</td>
							<td>2</td>
							<td>4</td>
							<td>1</td>
							<td>
									28.571%
							</td>
						</tr>
						<tr>
							<td>@Regression</td>
							<td>5</td>
							<td>7</td>
							<td>1</td>
							<td>
									38.462%
							</td>
						</tr>
						<tr>
							<td>@Smoke</td>
							<td>3</td>
							<td>3</td>
							<td>0</td>
							<td>
									50%
							</td>
						</tr>
					</table>
				</div>
			</div>
		</div>
	</div>
</div>
<!-- dashboard view -->
<!-- testrunner-logs view -->
		</div>
		<!-- container -->

		<script>
			var statusGroup = {
				passParent: 0,
				failParent: 2,
				fatalParent: 0,
				errorParent: 0,
				warningParent: 0,
				skipParent: 0,
				exceptionsParent: 2,
				
				passChild: 5,
				failChild: 7,
				fatalChild: 0,
				errorChild: 0,
				warningChild: 0,
				skipChild: 1,
				infoChild: 0,
				exceptionsChild: 8,
				
				passGrandChild: 61,
				failGrandChild: 7,
				fatalGrandChild: 0,
				errorGrandChild: 0,
				warningGrandChild: 0,
				skipGrandChild: 57,
				infoGrandChild: 0,
				exceptionsGrandChild: 64,
			};
		</script>
		
			<script src='https://cdn.rawgit.com/anshooarora/extentreports-java/fca20fb7653aade98810546ab96a2a4360e3e712/dist/js/extent.js' type='text/javascript'></script>
		
		
 		<script type='text/javascript'>
 			
            
        $(document).ready(function() {

        });
      
        
 		</script>
	</body>
	
</html>
